INFO: [VRFC 10-163] Analyzing VHDL file "/home/paul/developing/workspace/RedPitaya/Paul/web-apps/stabilizer/src/fpga/redpitaya.ip_user_files/ipstatic/fifo_generator_v13_0/simulation/fifo_generator_vhdl_beh.vhd" into library fifo_generator_v13_0_1
INFO: [VRFC 10-307] analyzing entity fifo_generator_v13_0_1_bhv_as
INFO: [VRFC 10-307] analyzing entity fifo_generator_v13_0_1_bhv_ss
INFO: [VRFC 10-307] analyzing entity fifo_generator_v13_0_1_bhv_preload0
INFO: [VRFC 10-307] analyzing entity fifo_generator_v13_0_1_conv
INFO: [VRFC 10-307] analyzing entity fifo_generator_v13_0_1_axic_reg_slice
INFO: [VRFC 10-307] analyzing entity fifo_generator_vhdl_beh
INFO: [VRFC 10-163] Analyzing VHDL file "/home/paul/developing/workspace/RedPitaya/Paul/web-apps/stabilizer/src/fpga/redpitaya.ip_user_files/ipstatic/fifo_generator_v13_0/hdl/fifo_generator_v13_0_rfs.vhd" into library fifo_generator_v13_0_1
INFO: [VRFC 10-307] analyzing entity input_blk
INFO: [VRFC 10-307] analyzing entity output_blk
INFO: [VRFC 10-307] analyzing entity shft_wrapper
INFO: [VRFC 10-307] analyzing entity shft_ram
INFO: [VRFC 10-307] analyzing entity wr_pf_as
INFO: [VRFC 10-307] analyzing entity wr_pf_ss
INFO: [VRFC 10-307] analyzing entity rd_pe_as
INFO: [VRFC 10-307] analyzing entity rd_pe_ss
INFO: [VRFC 10-307] analyzing entity synchronizer_ff
INFO: [VRFC 10-307] analyzing entity delay
INFO: [VRFC 10-307] analyzing entity bin_cntr
INFO: [VRFC 10-307] analyzing entity clk_x_pntrs_builtin
INFO: [VRFC 10-307] analyzing entity logic_builtin
INFO: [VRFC 10-307] analyzing entity builtin_prim
INFO: [VRFC 10-307] analyzing entity builtin_extdepth
INFO: [VRFC 10-307] analyzing entity builtin_top
INFO: [VRFC 10-307] analyzing entity reset_builtin
INFO: [VRFC 10-307] analyzing entity builtin_prim_v6
INFO: [VRFC 10-307] analyzing entity builtin_extdepth_v6
INFO: [VRFC 10-307] analyzing entity builtin_extdepth_low_latency
INFO: [VRFC 10-307] analyzing entity builtin_top_v6
INFO: [VRFC 10-307] analyzing entity fifo_generator_v13_0_1_builtin
INFO: [VRFC 10-307] analyzing entity bram_sync_reg
INFO: [VRFC 10-307] analyzing entity bram_fifo_rstlogic
INFO: [VRFC 10-307] analyzing entity reset_blk_ramfifo
INFO: [VRFC 10-307] analyzing entity axi_reg_slice
INFO: [VRFC 10-307] analyzing entity fifo_generator_top
INFO: [VRFC 10-307] analyzing entity fifo_generator_v13_0_1_synth
INFO: [VRFC 10-307] analyzing entity fifo_generator_v13_0_1
INFO: [VRFC 10-163] Analyzing VHDL file "/home/paul/developing/workspace/RedPitaya/Paul/web-apps/stabilizer/src/fpga/redpitaya.ip_user_files/ipstatic/lib_cdc_v1_0/hdl/src/vhdl/cdc_sync.vhd" into library lib_cdc_v1_0_2
INFO: [VRFC 10-307] analyzing entity cdc_sync
INFO: [VRFC 10-163] Analyzing VHDL file "/home/paul/developing/workspace/RedPitaya/Paul/web-apps/stabilizer/src/fpga/redpitaya.ip_user_files/ipstatic/proc_sys_reset_v5_0/hdl/src/vhdl/upcnt_n.vhd" into library proc_sys_reset_v5_0_8
INFO: [VRFC 10-307] analyzing entity upcnt_n
INFO: [VRFC 10-163] Analyzing VHDL file "/home/paul/developing/workspace/RedPitaya/Paul/web-apps/stabilizer/src/fpga/redpitaya.ip_user_files/ipstatic/proc_sys_reset_v5_0/hdl/src/vhdl/sequence_psr.vhd" into library proc_sys_reset_v5_0_8
INFO: [VRFC 10-307] analyzing entity sequence_psr
INFO: [VRFC 10-163] Analyzing VHDL file "/home/paul/developing/workspace/RedPitaya/Paul/web-apps/stabilizer/src/fpga/redpitaya.ip_user_files/ipstatic/proc_sys_reset_v5_0/hdl/src/vhdl/lpf.vhd" into library proc_sys_reset_v5_0_8
INFO: [VRFC 10-307] analyzing entity lpf
INFO: [VRFC 10-163] Analyzing VHDL file "/home/paul/developing/workspace/RedPitaya/Paul/web-apps/stabilizer/src/fpga/redpitaya.ip_user_files/ipstatic/proc_sys_reset_v5_0/hdl/src/vhdl/proc_sys_reset.vhd" into library proc_sys_reset_v5_0_8
INFO: [VRFC 10-307] analyzing entity proc_sys_reset
INFO: [VRFC 10-163] Analyzing VHDL file "/home/paul/developing/workspace/RedPitaya/Paul/web-apps/stabilizer/src/fpga/redpitaya.ip_user_files/bd/system/ip/system_proc_sys_reset_0/sim/system_proc_sys_reset_0.vhd" into library xil_defaultlib
INFO: [VRFC 10-307] analyzing entity system_proc_sys_reset_0
INFO: [VRFC 10-163] Analyzing VHDL file "/home/paul/developing/workspace/RedPitaya/Paul/web-apps/stabilizer/src/fpga/redpitaya.ip_user_files/bd/system/ip/system_xadc_0/proc_common_v3_20_a/hdl/src/vhdl/system_xadc_0_conv_funs_pkg.vhd" into library xil_defaultlib
INFO: [VRFC 10-163] Analyzing VHDL file "/home/paul/developing/workspace/RedPitaya/Paul/web-apps/stabilizer/src/fpga/redpitaya.ip_user_files/bd/system/ip/system_xadc_0/proc_common_v3_20_a/hdl/src/vhdl/system_xadc_0_proc_common_pkg.vhd" into library xil_defaultlib
INFO: [VRFC 10-163] Analyzing VHDL file "/home/paul/developing/workspace/RedPitaya/Paul/web-apps/stabilizer/src/fpga/redpitaya.ip_user_files/bd/system/ip/system_xadc_0/proc_common_v3_20_a/hdl/src/vhdl/system_xadc_0_ipif_pkg.vhd" into library xil_defaultlib
INFO: [VRFC 10-163] Analyzing VHDL file "/home/paul/developing/workspace/RedPitaya/Paul/web-apps/stabilizer/src/fpga/redpitaya.ip_user_files/bd/system/ip/system_xadc_0/proc_common_v3_20_a/hdl/src/vhdl/system_xadc_0_family_support.vhd" into library xil_defaultlib
INFO: [VRFC 10-163] Analyzing VHDL file "/home/paul/developing/workspace/RedPitaya/Paul/web-apps/stabilizer/src/fpga/redpitaya.ip_user_files/bd/system/ip/system_xadc_0/proc_common_v3_20_a/hdl/src/vhdl/system_xadc_0_family.vhd" into library xil_defaultlib
INFO: [VRFC 10-163] Analyzing VHDL file "/home/paul/developing/workspace/RedPitaya/Paul/web-apps/stabilizer/src/fpga/redpitaya.ip_user_files/bd/system/ip/system_xadc_0/proc_common_v3_20_a/hdl/src/vhdl/system_xadc_0_soft_reset.vhd" into library xil_defaultlib
INFO: [VRFC 10-307] analyzing entity system_xadc_0_soft_reset
INFO: [VRFC 10-163] Analyzing VHDL file "/home/paul/developing/workspace/RedPitaya/Paul/web-apps/stabilizer/src/fpga/redpitaya.ip_user_files/bd/system/ip/system_xadc_0/proc_common_v3_20_a/hdl/src/vhdl/system_xadc_0_pselect_f.vhd" into library xil_defaultlib
INFO: [VRFC 10-307] analyzing entity system_xadc_0_pselect_f
INFO: [VRFC 10-163] Analyzing VHDL file "/home/paul/developing/workspace/RedPitaya/Paul/web-apps/stabilizer/src/fpga/redpitaya.ip_user_files/bd/system/ip/system_xadc_0/axi_lite_ipif_v1_01_a/hdl/src/vhdl/system_xadc_0_address_decoder.vhd" into library xil_defaultlib
INFO: [VRFC 10-307] analyzing entity system_xadc_0_address_decoder
INFO: [VRFC 10-163] Analyzing VHDL file "/home/paul/developing/workspace/RedPitaya/Paul/web-apps/stabilizer/src/fpga/redpitaya.ip_user_files/bd/system/ip/system_xadc_0/axi_lite_ipif_v1_01_a/hdl/src/vhdl/system_xadc_0_slave_attachment.vhd" into library xil_defaultlib
INFO: [VRFC 10-307] analyzing entity system_xadc_0_slave_attachment
INFO: [VRFC 10-163] Analyzing VHDL file "/home/paul/developing/workspace/RedPitaya/Paul/web-apps/stabilizer/src/fpga/redpitaya.ip_user_files/bd/system/ip/system_xadc_0/interrupt_control_v2_01_a/hdl/src/vhdl/system_xadc_0_interrupt_control.vhd" into library xil_defaultlib
INFO: [VRFC 10-307] analyzing entity system_xadc_0_interrupt_control
INFO: [VRFC 10-163] Analyzing VHDL file "/home/paul/developing/workspace/RedPitaya/Paul/web-apps/stabilizer/src/fpga/redpitaya.ip_user_files/bd/system/ip/system_xadc_0/axi_lite_ipif_v1_01_a/hdl/src/vhdl/system_xadc_0_axi_lite_ipif.vhd" into library xil_defaultlib
INFO: [VRFC 10-307] analyzing entity system_xadc_0_axi_lite_ipif
INFO: [VRFC 10-163] Analyzing VHDL file "/home/paul/developing/workspace/RedPitaya/Paul/web-apps/stabilizer/src/fpga/redpitaya.ip_user_files/bd/system/ip/system_xadc_0/system_xadc_0_xadc_core_drp.vhd" into library xil_defaultlib
INFO: [VRFC 10-307] analyzing entity system_xadc_0_xadc_core_drp
INFO: [VRFC 10-163] Analyzing VHDL file "/home/paul/developing/workspace/RedPitaya/Paul/web-apps/stabilizer/src/fpga/redpitaya.ip_user_files/bd/system/ip/system_xadc_0/system_xadc_0_axi_xadc.vhd" into library xil_defaultlib
INFO: [VRFC 10-307] analyzing entity system_xadc_0_axi_xadc
