INFO: [VRFC 10-163] Analyzing VHDL file "/home/paul/developing/workspace/RedPitaya/Paul/labcontrol/fpga/redpitaya.ip_user_files/bd/system/ip/system_proc_sys_reset_0/sim/system_proc_sys_reset_0.vhd" into library xil_defaultlib
INFO: [VRFC 10-307] analyzing entity system_proc_sys_reset_0
INFO: [VRFC 10-163] Analyzing VHDL file "/home/paul/developing/workspace/RedPitaya/Paul/labcontrol/fpga/redpitaya.ip_user_files/bd/system/ip/system_xadc_0/proc_common_v3_30_a/hdl/src/vhdl/system_xadc_0_conv_funs_pkg.vhd" into library xil_defaultlib
INFO: [VRFC 10-163] Analyzing VHDL file "/home/paul/developing/workspace/RedPitaya/Paul/labcontrol/fpga/redpitaya.ip_user_files/bd/system/ip/system_xadc_0/proc_common_v3_30_a/hdl/src/vhdl/system_xadc_0_proc_common_pkg.vhd" into library xil_defaultlib
INFO: [VRFC 10-163] Analyzing VHDL file "/home/paul/developing/workspace/RedPitaya/Paul/labcontrol/fpga/redpitaya.ip_user_files/bd/system/ip/system_xadc_0/proc_common_v3_30_a/hdl/src/vhdl/system_xadc_0_ipif_pkg.vhd" into library xil_defaultlib
INFO: [VRFC 10-163] Analyzing VHDL file "/home/paul/developing/workspace/RedPitaya/Paul/labcontrol/fpga/redpitaya.ip_user_files/bd/system/ip/system_xadc_0/proc_common_v3_30_a/hdl/src/vhdl/system_xadc_0_family_support.vhd" into library xil_defaultlib
INFO: [VRFC 10-163] Analyzing VHDL file "/home/paul/developing/workspace/RedPitaya/Paul/labcontrol/fpga/redpitaya.ip_user_files/bd/system/ip/system_xadc_0/proc_common_v3_30_a/hdl/src/vhdl/system_xadc_0_family.vhd" into library xil_defaultlib
INFO: [VRFC 10-163] Analyzing VHDL file "/home/paul/developing/workspace/RedPitaya/Paul/labcontrol/fpga/redpitaya.ip_user_files/bd/system/ip/system_xadc_0/proc_common_v3_30_a/hdl/src/vhdl/system_xadc_0_soft_reset.vhd" into library xil_defaultlib
INFO: [VRFC 10-307] analyzing entity system_xadc_0_soft_reset
INFO: [VRFC 10-163] Analyzing VHDL file "/home/paul/developing/workspace/RedPitaya/Paul/labcontrol/fpga/redpitaya.ip_user_files/bd/system/ip/system_xadc_0/proc_common_v3_30_a/hdl/src/vhdl/system_xadc_0_pselect_f.vhd" into library xil_defaultlib
INFO: [VRFC 10-307] analyzing entity system_xadc_0_pselect_f
INFO: [VRFC 10-163] Analyzing VHDL file "/home/paul/developing/workspace/RedPitaya/Paul/labcontrol/fpga/redpitaya.ip_user_files/bd/system/ip/system_xadc_0/axi_lite_ipif_v1_01_a/hdl/src/vhdl/system_xadc_0_address_decoder.vhd" into library xil_defaultlib
INFO: [VRFC 10-307] analyzing entity system_xadc_0_address_decoder
INFO: [VRFC 10-163] Analyzing VHDL file "/home/paul/developing/workspace/RedPitaya/Paul/labcontrol/fpga/redpitaya.ip_user_files/bd/system/ip/system_xadc_0/axi_lite_ipif_v1_01_a/hdl/src/vhdl/system_xadc_0_slave_attachment.vhd" into library xil_defaultlib
INFO: [VRFC 10-307] analyzing entity system_xadc_0_slave_attachment
INFO: [VRFC 10-163] Analyzing VHDL file "/home/paul/developing/workspace/RedPitaya/Paul/labcontrol/fpga/redpitaya.ip_user_files/bd/system/ip/system_xadc_0/interrupt_control_v2_01_a/hdl/src/vhdl/system_xadc_0_interrupt_control.vhd" into library xil_defaultlib
INFO: [VRFC 10-307] analyzing entity system_xadc_0_interrupt_control
INFO: [VRFC 10-163] Analyzing VHDL file "/home/paul/developing/workspace/RedPitaya/Paul/labcontrol/fpga/redpitaya.ip_user_files/bd/system/ip/system_xadc_0/axi_lite_ipif_v1_01_a/hdl/src/vhdl/system_xadc_0_axi_lite_ipif.vhd" into library xil_defaultlib
INFO: [VRFC 10-307] analyzing entity system_xadc_0_axi_lite_ipif
INFO: [VRFC 10-163] Analyzing VHDL file "/home/paul/developing/workspace/RedPitaya/Paul/labcontrol/fpga/redpitaya.ip_user_files/bd/system/ip/system_xadc_0/system_xadc_0_xadc_core_drp.vhd" into library xil_defaultlib
INFO: [VRFC 10-307] analyzing entity system_xadc_0_xadc_core_drp
INFO: [VRFC 10-163] Analyzing VHDL file "/home/paul/developing/workspace/RedPitaya/Paul/labcontrol/fpga/redpitaya.ip_user_files/bd/system/ip/system_xadc_0/system_xadc_0_axi_xadc.vhd" into library xil_defaultlib
INFO: [VRFC 10-307] analyzing entity system_xadc_0_axi_xadc
