
*** Running vivado
    with args -log red_pitaya_top.vdi -applog -m64 -product Vivado -messageDb vivado.pb -mode batch -source red_pitaya_top.tcl -notrace


****** Vivado v2017.1 (64-bit)
  **** SW Build 1846317 on Fri Apr 14 18:54:47 MDT 2017
  **** IP Build 1846188 on Fri Apr 14 20:52:08 MDT 2017
    ** Copyright 1986-2017 Xilinx, Inc. All Rights Reserved.

source red_pitaya_top.tcl -notrace
INFO: [IP_Flow 19-234] Refreshing IP repositories
INFO: [IP_Flow 19-1704] No user IP repositories specified
INFO: [IP_Flow 19-2313] Loaded Vivado IP repository '/opt/Xilinx/Vivado/2017.1/data/ip'.
add_files: Time (s): cpu = 00:00:02 ; elapsed = 00:00:09 . Memory (MB): peak = 1118.891 ; gain = 21.023 ; free physical = 1598 ; free virtual = 5883
Design is defaulting to srcset: sources_1
Design is defaulting to constrset: constrs_1
INFO: [Project 1-454] Reading design checkpoint '/home/paul/developing/workspace/RedPitaya/Paul/labcontrol/fpga/redpitaya.srcs/sources_1/bd/system/ip/system_axi_protocol_converter_0_0/system_axi_protocol_converter_0_0.dcp' for cell 'ps/system_i/axi_protocol_converter_0'
INFO: [Project 1-454] Reading design checkpoint '/home/paul/developing/workspace/RedPitaya/Paul/labcontrol/fpga/redpitaya.srcs/sources_1/bd/system/ip/system_proc_sys_reset_0/system_proc_sys_reset_0.dcp' for cell 'ps/system_i/proc_sys_reset'
INFO: [Project 1-454] Reading design checkpoint '/home/paul/developing/workspace/RedPitaya/Paul/labcontrol/fpga/redpitaya.srcs/sources_1/bd/system/ip/system_processing_system7_0/system_processing_system7_0.dcp' for cell 'ps/system_i/processing_system7'
INFO: [Project 1-454] Reading design checkpoint '/home/paul/developing/workspace/RedPitaya/Paul/labcontrol/fpga/redpitaya.srcs/sources_1/bd/system/ip/system_xadc_0/system_xadc_0.dcp' for cell 'ps/system_i/xadc'
INFO: [Project 1-454] Reading design checkpoint '/home/paul/developing/workspace/RedPitaya/Paul/labcontrol/fpga/redpitaya.srcs/sources_1/bd/system/ip/system_xlconstant_0/system_xlconstant_0.dcp' for cell 'ps/system_i/xlconstant'
INFO: [Netlist 29-17] Analyzing 1106 Unisim elements for replacement
INFO: [Netlist 29-28] Unisim Transformation completed in 0 CPU seconds
INFO: [Project 1-479] Netlist was created with Vivado 2017.1
INFO: [Device 21-403] Loading part xc7z010clg400-1
INFO: [Project 1-570] Preparing netlist for logic optimization
Parsing XDC File [/home/paul/developing/workspace/RedPitaya/Paul/labcontrol/fpga/redpitaya.srcs/sources_1/bd/system/ip/system_proc_sys_reset_0/system_proc_sys_reset_0_board.xdc] for cell 'ps/system_i/proc_sys_reset/U0'
Finished Parsing XDC File [/home/paul/developing/workspace/RedPitaya/Paul/labcontrol/fpga/redpitaya.srcs/sources_1/bd/system/ip/system_proc_sys_reset_0/system_proc_sys_reset_0_board.xdc] for cell 'ps/system_i/proc_sys_reset/U0'
Parsing XDC File [/home/paul/developing/workspace/RedPitaya/Paul/labcontrol/fpga/redpitaya.srcs/sources_1/bd/system/ip/system_proc_sys_reset_0/system_proc_sys_reset_0.xdc] for cell 'ps/system_i/proc_sys_reset/U0'
Finished Parsing XDC File [/home/paul/developing/workspace/RedPitaya/Paul/labcontrol/fpga/redpitaya.srcs/sources_1/bd/system/ip/system_proc_sys_reset_0/system_proc_sys_reset_0.xdc] for cell 'ps/system_i/proc_sys_reset/U0'
Parsing XDC File [/home/paul/developing/workspace/RedPitaya/Paul/labcontrol/fpga/redpitaya.srcs/sources_1/bd/system/ip/system_processing_system7_0/system_processing_system7_0.xdc] for cell 'ps/system_i/processing_system7/inst'
Finished Parsing XDC File [/home/paul/developing/workspace/RedPitaya/Paul/labcontrol/fpga/redpitaya.srcs/sources_1/bd/system/ip/system_processing_system7_0/system_processing_system7_0.xdc] for cell 'ps/system_i/processing_system7/inst'
Parsing XDC File [/home/paul/developing/workspace/RedPitaya/Paul/labcontrol/fpga/redpitaya.srcs/sources_1/bd/system/ip/system_xadc_0/system_xadc_0.xdc] for cell 'ps/system_i/xadc/inst'
Finished Parsing XDC File [/home/paul/developing/workspace/RedPitaya/Paul/labcontrol/fpga/redpitaya.srcs/sources_1/bd/system/ip/system_xadc_0/system_xadc_0.xdc] for cell 'ps/system_i/xadc/inst'
Parsing XDC File [/home/paul/developing/workspace/RedPitaya/Paul/labcontrol/fpga/redpitaya.srcs/constrs_1/imports/sdc/red_pitaya.xdc]
INFO: [Timing 38-35] Done setting XDC timing constraints. [/home/paul/developing/workspace/RedPitaya/Paul/labcontrol/fpga/redpitaya.srcs/constrs_1/imports/sdc/red_pitaya.xdc:216]
INFO: [Timing 38-2] Deriving generated clocks [/home/paul/developing/workspace/RedPitaya/Paul/labcontrol/fpga/redpitaya.srcs/constrs_1/imports/sdc/red_pitaya.xdc:216]
WARNING: [Vivado 12-627] No clocks matched 'dac_clk_o'. [/home/paul/developing/workspace/RedPitaya/Paul/labcontrol/fpga/redpitaya.srcs/constrs_1/imports/sdc/red_pitaya.xdc:216]
INFO: [Vivado 12-626] No clocks found. Please use 'create_clock' or 'create_generated_clock' command to create clocks. [/home/paul/developing/workspace/RedPitaya/Paul/labcontrol/fpga/redpitaya.srcs/constrs_1/imports/sdc/red_pitaya.xdc:216]
get_clocks: Time (s): cpu = 00:00:14 ; elapsed = 00:00:13 . Memory (MB): peak = 1992.547 ; gain = 504.508 ; free physical = 807 ; free virtual = 5171
CRITICAL WARNING: [Vivado 12-4739] set_false_path:No valid object(s) found for '-to [get_clocks dac_clk_o]'. [/home/paul/developing/workspace/RedPitaya/Paul/labcontrol/fpga/redpitaya.srcs/constrs_1/imports/sdc/red_pitaya.xdc:216]
Resolution: Check if the specified object(s) exists in the current design. If it does, ensure that the correct design hierarchy was specified for the object. If you are working with clocks, make sure create_clock was used to create the clock object before it is referenced.
WARNING: [Vivado 12-627] No clocks matched 'dac_clk_2x'. [/home/paul/developing/workspace/RedPitaya/Paul/labcontrol/fpga/redpitaya.srcs/constrs_1/imports/sdc/red_pitaya.xdc:217]
INFO: [Vivado 12-626] No clocks found. Please use 'create_clock' or 'create_generated_clock' command to create clocks. [/home/paul/developing/workspace/RedPitaya/Paul/labcontrol/fpga/redpitaya.srcs/constrs_1/imports/sdc/red_pitaya.xdc:217]
CRITICAL WARNING: [Vivado 12-4739] set_false_path:No valid object(s) found for '-to [get_clocks dac_clk_2x]'. [/home/paul/developing/workspace/RedPitaya/Paul/labcontrol/fpga/redpitaya.srcs/constrs_1/imports/sdc/red_pitaya.xdc:217]
Resolution: Check if the specified object(s) exists in the current design. If it does, ensure that the correct design hierarchy was specified for the object. If you are working with clocks, make sure create_clock was used to create the clock object before it is referenced.
WARNING: [Vivado 12-627] No clocks matched 'dac_clk_2p'. [/home/paul/developing/workspace/RedPitaya/Paul/labcontrol/fpga/redpitaya.srcs/constrs_1/imports/sdc/red_pitaya.xdc:218]
INFO: [Vivado 12-626] No clocks found. Please use 'create_clock' or 'create_generated_clock' command to create clocks. [/home/paul/developing/workspace/RedPitaya/Paul/labcontrol/fpga/redpitaya.srcs/constrs_1/imports/sdc/red_pitaya.xdc:218]
CRITICAL WARNING: [Vivado 12-4739] set_false_path:No valid object(s) found for '-to [get_clocks dac_clk_2p]'. [/home/paul/developing/workspace/RedPitaya/Paul/labcontrol/fpga/redpitaya.srcs/constrs_1/imports/sdc/red_pitaya.xdc:218]
Resolution: Check if the specified object(s) exists in the current design. If it does, ensure that the correct design hierarchy was specified for the object. If you are working with clocks, make sure create_clock was used to create the clock object before it is referenced.
WARNING: [Vivado 12-627] No clocks matched 'dac_clk_1x'. [/home/paul/developing/workspace/RedPitaya/Paul/labcontrol/fpga/redpitaya.srcs/constrs_1/imports/sdc/red_pitaya.xdc:220]
INFO: [Vivado 12-626] No clocks found. Please use 'create_clock' or 'create_generated_clock' command to create clocks. [/home/paul/developing/workspace/RedPitaya/Paul/labcontrol/fpga/redpitaya.srcs/constrs_1/imports/sdc/red_pitaya.xdc:220]
CRITICAL WARNING: [Vivado 12-4739] set_false_path:No valid object(s) found for '-to [get_clocks dac_clk_1x]'. [/home/paul/developing/workspace/RedPitaya/Paul/labcontrol/fpga/redpitaya.srcs/constrs_1/imports/sdc/red_pitaya.xdc:220]
Resolution: Check if the specified object(s) exists in the current design. If it does, ensure that the correct design hierarchy was specified for the object. If you are working with clocks, make sure create_clock was used to create the clock object before it is referenced.
WARNING: [Vivado 12-627] No clocks matched 'dac_clk_2x'. [/home/paul/developing/workspace/RedPitaya/Paul/labcontrol/fpga/redpitaya.srcs/constrs_1/imports/sdc/red_pitaya.xdc:221]
INFO: [Vivado 12-626] No clocks found. Please use 'create_clock' or 'create_generated_clock' command to create clocks. [/home/paul/developing/workspace/RedPitaya/Paul/labcontrol/fpga/redpitaya.srcs/constrs_1/imports/sdc/red_pitaya.xdc:221]
CRITICAL WARNING: [Vivado 12-4739] set_false_path:No valid object(s) found for '-to [get_clocks dac_clk_2x]'. [/home/paul/developing/workspace/RedPitaya/Paul/labcontrol/fpga/redpitaya.srcs/constrs_1/imports/sdc/red_pitaya.xdc:221]
Resolution: Check if the specified object(s) exists in the current design. If it does, ensure that the correct design hierarchy was specified for the object. If you are working with clocks, make sure create_clock was used to create the clock object before it is referenced.
WARNING: [Vivado 12-627] No clocks matched 'dac_clk_2p'. [/home/paul/developing/workspace/RedPitaya/Paul/labcontrol/fpga/redpitaya.srcs/constrs_1/imports/sdc/red_pitaya.xdc:222]
INFO: [Vivado 12-626] No clocks found. Please use 'create_clock' or 'create_generated_clock' command to create clocks. [/home/paul/developing/workspace/RedPitaya/Paul/labcontrol/fpga/redpitaya.srcs/constrs_1/imports/sdc/red_pitaya.xdc:222]
CRITICAL WARNING: [Vivado 12-4739] set_false_path:No valid object(s) found for '-to [get_clocks dac_clk_2p]'. [/home/paul/developing/workspace/RedPitaya/Paul/labcontrol/fpga/redpitaya.srcs/constrs_1/imports/sdc/red_pitaya.xdc:222]
Resolution: Check if the specified object(s) exists in the current design. If it does, ensure that the correct design hierarchy was specified for the object. If you are working with clocks, make sure create_clock was used to create the clock object before it is referenced.
WARNING: [Vivado 12-627] No clocks matched 'ser_clk'. [/home/paul/developing/workspace/RedPitaya/Paul/labcontrol/fpga/redpitaya.srcs/constrs_1/imports/sdc/red_pitaya.xdc:223]
INFO: [Vivado 12-626] No clocks found. Please use 'create_clock' or 'create_generated_clock' command to create clocks. [/home/paul/developing/workspace/RedPitaya/Paul/labcontrol/fpga/redpitaya.srcs/constrs_1/imports/sdc/red_pitaya.xdc:223]
CRITICAL WARNING: [Vivado 12-4739] set_false_path:No valid object(s) found for '-to [get_clocks ser_clk]'. [/home/paul/developing/workspace/RedPitaya/Paul/labcontrol/fpga/redpitaya.srcs/constrs_1/imports/sdc/red_pitaya.xdc:223]
Resolution: Check if the specified object(s) exists in the current design. If it does, ensure that the correct design hierarchy was specified for the object. If you are working with clocks, make sure create_clock was used to create the clock object before it is referenced.
WARNING: [Vivado 12-627] No clocks matched 'pdm_clk'. [/home/paul/developing/workspace/RedPitaya/Paul/labcontrol/fpga/redpitaya.srcs/constrs_1/imports/sdc/red_pitaya.xdc:224]
INFO: [Vivado 12-626] No clocks found. Please use 'create_clock' or 'create_generated_clock' command to create clocks. [/home/paul/developing/workspace/RedPitaya/Paul/labcontrol/fpga/redpitaya.srcs/constrs_1/imports/sdc/red_pitaya.xdc:224]
CRITICAL WARNING: [Vivado 12-4739] set_false_path:No valid object(s) found for '-to [get_clocks pdm_clk]'. [/home/paul/developing/workspace/RedPitaya/Paul/labcontrol/fpga/redpitaya.srcs/constrs_1/imports/sdc/red_pitaya.xdc:224]
Resolution: Check if the specified object(s) exists in the current design. If it does, ensure that the correct design hierarchy was specified for the object. If you are working with clocks, make sure create_clock was used to create the clock object before it is referenced.
WARNING: [Vivado 12-627] No clocks matched 'dac_clk_o'. [/home/paul/developing/workspace/RedPitaya/Paul/labcontrol/fpga/redpitaya.srcs/constrs_1/imports/sdc/red_pitaya.xdc:225]
INFO: [Vivado 12-626] No clocks found. Please use 'create_clock' or 'create_generated_clock' command to create clocks. [/home/paul/developing/workspace/RedPitaya/Paul/labcontrol/fpga/redpitaya.srcs/constrs_1/imports/sdc/red_pitaya.xdc:225]
WARNING: [Vivado 12-627] No clocks matched 'dac_clk_2x'. [/home/paul/developing/workspace/RedPitaya/Paul/labcontrol/fpga/redpitaya.srcs/constrs_1/imports/sdc/red_pitaya.xdc:225]
INFO: [Vivado 12-626] No clocks found. Please use 'create_clock' or 'create_generated_clock' command to create clocks. [/home/paul/developing/workspace/RedPitaya/Paul/labcontrol/fpga/redpitaya.srcs/constrs_1/imports/sdc/red_pitaya.xdc:225]
CRITICAL WARNING: [Vivado 12-4739] set_false_path:No valid object(s) found for '-from [get_clocks dac_clk_o]'. [/home/paul/developing/workspace/RedPitaya/Paul/labcontrol/fpga/redpitaya.srcs/constrs_1/imports/sdc/red_pitaya.xdc:225]
Resolution: Check if the specified object(s) exists in the current design. If it does, ensure that the correct design hierarchy was specified for the object. If you are working with clocks, make sure create_clock was used to create the clock object before it is referenced.
WARNING: [Vivado 12-627] No clocks matched 'dac_clk_o'. [/home/paul/developing/workspace/RedPitaya/Paul/labcontrol/fpga/redpitaya.srcs/constrs_1/imports/sdc/red_pitaya.xdc:226]
INFO: [Vivado 12-626] No clocks found. Please use 'create_clock' or 'create_generated_clock' command to create clocks. [/home/paul/developing/workspace/RedPitaya/Paul/labcontrol/fpga/redpitaya.srcs/constrs_1/imports/sdc/red_pitaya.xdc:226]
WARNING: [Vivado 12-627] No clocks matched 'dac_clk_2p'. [/home/paul/developing/workspace/RedPitaya/Paul/labcontrol/fpga/redpitaya.srcs/constrs_1/imports/sdc/red_pitaya.xdc:226]
INFO: [Vivado 12-626] No clocks found. Please use 'create_clock' or 'create_generated_clock' command to create clocks. [/home/paul/developing/workspace/RedPitaya/Paul/labcontrol/fpga/redpitaya.srcs/constrs_1/imports/sdc/red_pitaya.xdc:226]
CRITICAL WARNING: [Vivado 12-4739] set_false_path:No valid object(s) found for '-from [get_clocks dac_clk_o]'. [/home/paul/developing/workspace/RedPitaya/Paul/labcontrol/fpga/redpitaya.srcs/constrs_1/imports/sdc/red_pitaya.xdc:226]
Resolution: Check if the specified object(s) exists in the current design. If it does, ensure that the correct design hierarchy was specified for the object. If you are working with clocks, make sure create_clock was used to create the clock object before it is referenced.
Finished Parsing XDC File [/home/paul/developing/workspace/RedPitaya/Paul/labcontrol/fpga/redpitaya.srcs/constrs_1/imports/sdc/red_pitaya.xdc]
INFO: [Opt 31-138] Pushed 0 inverter(s) to 0 load pin(s).
INFO: [Project 1-111] Unisim Transformation Summary:
  A total of 57 instances were transformed.
  IOBUF => IOBUF (IBUF, OBUFT): 16 instances
  OBUFDS => OBUFDS_DUAL_BUF (INV, OBUFDS, OBUFDS): 1 instances
  RAM32M => RAM32M (RAMD32, RAMD32, RAMD32, RAMD32, RAMD32, RAMD32, RAMS32, RAMS32): 40 instances

link_design: Time (s): cpu = 00:00:28 ; elapsed = 00:00:31 . Memory (MB): peak = 1992.551 ; gain = 873.660 ; free physical = 867 ; free virtual = 5207
Command: opt_design
Attempting to get a license for feature 'Implementation' and/or device 'xc7z010-clg400'
INFO: [Common 17-349] Got license for feature 'Implementation' and/or device 'xc7z010-clg400'
Running DRC as a precondition to command opt_design

Starting DRC Task
Command: report_drc (run_mandatory_drcs) for: opt_checks
INFO: [DRC 23-27] Running DRC with 4 threads
report_drc (run_mandatory_drcs) completed successfully
INFO: [Project 1-461] DRC finished with 0 Errors
INFO: [Project 1-462] Please refer to the DRC report (report_drc) for more information.

Time (s): cpu = 00:00:04 ; elapsed = 00:00:01 . Memory (MB): peak = 2024.562 ; gain = 32.012 ; free physical = 858 ; free virtual = 5199
INFO: [Timing 38-35] Done setting XDC timing constraints.

Starting Logic Optimization Task

Phase 1 Retarget
INFO: [Opt 31-138] Pushed 1 inverter(s) to 1 load pin(s).
INFO: [Opt 31-49] Retargeted 0 cell(s).
Phase 1 Retarget | Checksum: 2524465f1

Time (s): cpu = 00:00:03 ; elapsed = 00:00:02 . Memory (MB): peak = 2039.562 ; gain = 0.000 ; free physical = 859 ; free virtual = 5200
INFO: [Opt 31-389] Phase Retarget created 0 cells and removed 660 cells

Phase 2 Constant propagation
INFO: [Opt 31-138] Pushed 0 inverter(s) to 0 load pin(s).
Phase 2 Constant propagation | Checksum: 2171d4f9a

Time (s): cpu = 00:00:03 ; elapsed = 00:00:02 . Memory (MB): peak = 2039.562 ; gain = 0.000 ; free physical = 852 ; free virtual = 5194
INFO: [Opt 31-389] Phase Constant propagation created 5 cells and removed 13 cells

Phase 3 Sweep
Phase 3 Sweep | Checksum: 22693a4c1

Time (s): cpu = 00:00:05 ; elapsed = 00:00:04 . Memory (MB): peak = 2039.562 ; gain = 0.000 ; free physical = 849 ; free virtual = 5191
INFO: [Opt 31-389] Phase Sweep created 0 cells and removed 210 cells

Phase 4 BUFG optimization
Phase 4 BUFG optimization | Checksum: 22693a4c1

Time (s): cpu = 00:00:05 ; elapsed = 00:00:04 . Memory (MB): peak = 2039.562 ; gain = 0.000 ; free physical = 851 ; free virtual = 5193
INFO: [Opt 31-389] Phase BUFG optimization created 0 cells and removed 0 cells

Phase 5 Shift Register Optimization
Phase 5 Shift Register Optimization | Checksum: 22693a4c1

Time (s): cpu = 00:00:05 ; elapsed = 00:00:04 . Memory (MB): peak = 2039.562 ; gain = 0.000 ; free physical = 851 ; free virtual = 5193
INFO: [Opt 31-389] Phase Shift Register Optimization created 0 cells and removed 0 cells

Starting Connectivity Check Task

Time (s): cpu = 00:00:00.05 ; elapsed = 00:00:00.05 . Memory (MB): peak = 2039.562 ; gain = 0.000 ; free physical = 851 ; free virtual = 5193
Ending Logic Optimization Task | Checksum: 22693a4c1

Time (s): cpu = 00:00:05 ; elapsed = 00:00:04 . Memory (MB): peak = 2039.562 ; gain = 0.000 ; free physical = 851 ; free virtual = 5193

Starting Power Optimization Task
INFO: [Pwropt 34-132] Skipping clock gating for clocks with a period < 2.00 ns.
INFO: [Power 33-23] Power model is not available for i_DNA
INFO: [Timing 38-35] Done setting XDC timing constraints.
Running Vector-less Activity Propagation...
INFO: [Pwropt 34-9] Applying IDT optimizations ...
INFO: [Pwropt 34-10] Applying ODC optimizations ...

Finished Running Vector-less Activity Propagation


Starting PowerOpt Patch Enables Task
INFO: [Pwropt 34-162] WRITE_MODE attribute of 18 BRAM(s) out of a total of 72 has been updated to save power. Run report_power_opt to get a complete listing of the BRAMs updated.
INFO: [Pwropt 34-201] Structural ODC has moved 0 WE to EN ports
Number of BRAM Ports augmented: 14 newly gated: 68 Total Ports: 144
Number of Flops added for Enable Generation: 7

Ending PowerOpt Patch Enables Task | Checksum: 241d08379

Time (s): cpu = 00:00:00.35 ; elapsed = 00:00:00.35 . Memory (MB): peak = 2344.320 ; gain = 0.000 ; free physical = 783 ; free virtual = 5144
Ending Power Optimization Task | Checksum: 241d08379

Time (s): cpu = 00:00:21 ; elapsed = 00:00:16 . Memory (MB): peak = 2344.320 ; gain = 304.758 ; free physical = 802 ; free virtual = 5163
49 Infos, 12 Warnings, 10 Critical Warnings and 0 Errors encountered.
opt_design completed successfully
opt_design: Time (s): cpu = 00:00:34 ; elapsed = 00:00:24 . Memory (MB): peak = 2344.320 ; gain = 351.770 ; free physical = 802 ; free virtual = 5163
Writing placer database...
Writing XDEF routing.
Writing XDEF routing logical nets.
Writing XDEF routing special nets.
Write XDEF Complete: Time (s): cpu = 00:00:00.38 ; elapsed = 00:00:00.12 . Memory (MB): peak = 2344.320 ; gain = 0.000 ; free physical = 800 ; free virtual = 5164
INFO: [Common 17-1381] The checkpoint '/home/paul/developing/workspace/RedPitaya/Paul/labcontrol/fpga/redpitaya.runs/impl_1/red_pitaya_top_opt.dcp' has been generated.
Command: report_drc -file red_pitaya_top_drc_opted.rpt
INFO: [DRC 23-27] Running DRC with 4 threads
INFO: [Coretcl 2-168] The results of DRC are in file /home/paul/developing/workspace/RedPitaya/Paul/labcontrol/fpga/redpitaya.runs/impl_1/red_pitaya_top_drc_opted.rpt.
report_drc completed successfully
INFO: [Chipscope 16-241] No debug cores found in the current design.
Before running the implement_debug_core command, either use the Set Up Debug wizard (GUI mode)
or use the create_debug_core and connect_debug_core Tcl commands to insert debug cores into the design.
Command: place_design
Attempting to get a license for feature 'Implementation' and/or device 'xc7z010-clg400'
INFO: [Common 17-349] Got license for feature 'Implementation' and/or device 'xc7z010-clg400'
Command: report_drc (run_mandatory_drcs) for: incr_eco_checks
INFO: [DRC 23-27] Running DRC with 4 threads
report_drc (run_mandatory_drcs) completed successfully
INFO: [Vivado_Tcl 4-198] DRC finished with 0 Errors
INFO: [Vivado_Tcl 4-199] Please refer to the DRC report (report_drc) for more information.
Running DRC as a precondition to command place_design
Command: report_drc (run_mandatory_drcs) for: placer_checks
INFO: [DRC 23-27] Running DRC with 4 threads
report_drc (run_mandatory_drcs) completed successfully
INFO: [Vivado_Tcl 4-198] DRC finished with 0 Errors
INFO: [Vivado_Tcl 4-199] Please refer to the DRC report (report_drc) for more information.

Starting Placer Task
INFO: [Place 30-611] Multithreading enabled for place_design using a maximum of 4 CPUs

Phase 1 Placer Initialization

Phase 1.1 Placer Initialization Netlist Sorting
Netlist sorting complete. Time (s): cpu = 00:00:00.08 ; elapsed = 00:00:00.08 . Memory (MB): peak = 2344.320 ; gain = 0.000 ; free physical = 793 ; free virtual = 5158
Phase 1.1 Placer Initialization Netlist Sorting | Checksum: 194183943

Time (s): cpu = 00:00:00.11 ; elapsed = 00:00:00.20 . Memory (MB): peak = 2344.320 ; gain = 0.000 ; free physical = 793 ; free virtual = 5158
INFO: [Timing 38-35] Done setting XDC timing constraints.
INFO: [Opt 31-138] Pushed 0 inverter(s) to 0 load pin(s).
Netlist sorting complete. Time (s): cpu = 00:00:00.03 ; elapsed = 00:00:00.03 . Memory (MB): peak = 2344.320 ; gain = 0.000 ; free physical = 792 ; free virtual = 5159

Phase 1.2 IO Placement/ Clock Placement/ Build Placer Device
INFO: [Timing 38-35] Done setting XDC timing constraints.
Phase 1.2 IO Placement/ Clock Placement/ Build Placer Device | Checksum: 104fc1781

Time (s): cpu = 00:00:11 ; elapsed = 00:00:07 . Memory (MB): peak = 2344.320 ; gain = 0.000 ; free physical = 769 ; free virtual = 5139

Phase 1.3 Build Placer Netlist Model
Phase 1.3 Build Placer Netlist Model | Checksum: 1c1bdc921

Time (s): cpu = 00:00:22 ; elapsed = 00:00:13 . Memory (MB): peak = 2344.320 ; gain = 0.000 ; free physical = 786 ; free virtual = 5158

Phase 1.4 Constrain Clocks/Macros
Phase 1.4 Constrain Clocks/Macros | Checksum: 1c1bdc921

Time (s): cpu = 00:00:22 ; elapsed = 00:00:13 . Memory (MB): peak = 2344.320 ; gain = 0.000 ; free physical = 786 ; free virtual = 5158
Phase 1 Placer Initialization | Checksum: 1c1bdc921

Time (s): cpu = 00:00:22 ; elapsed = 00:00:13 . Memory (MB): peak = 2344.320 ; gain = 0.000 ; free physical = 786 ; free virtual = 5158

Phase 2 Global Placement
Phase 2 Global Placement | Checksum: 1ce8e5763

Time (s): cpu = 00:00:58 ; elapsed = 00:00:32 . Memory (MB): peak = 2360.328 ; gain = 16.008 ; free physical = 772 ; free virtual = 5145

Phase 3 Detail Placement

Phase 3.1 Commit Multi Column Macros
Phase 3.1 Commit Multi Column Macros | Checksum: 1ce8e5763

Time (s): cpu = 00:00:59 ; elapsed = 00:00:32 . Memory (MB): peak = 2360.328 ; gain = 16.008 ; free physical = 772 ; free virtual = 5145

Phase 3.2 Commit Most Macros & LUTRAMs
Phase 3.2 Commit Most Macros & LUTRAMs | Checksum: 141ea9320

Time (s): cpu = 00:01:07 ; elapsed = 00:00:37 . Memory (MB): peak = 2360.328 ; gain = 16.008 ; free physical = 767 ; free virtual = 5141

Phase 3.3 Area Swap Optimization
Phase 3.3 Area Swap Optimization | Checksum: cc26c5f7

Time (s): cpu = 00:01:08 ; elapsed = 00:00:37 . Memory (MB): peak = 2360.328 ; gain = 16.008 ; free physical = 767 ; free virtual = 5141

Phase 3.4 Pipeline Register Optimization
Phase 3.4 Pipeline Register Optimization | Checksum: cc26c5f7

Time (s): cpu = 00:01:08 ; elapsed = 00:00:37 . Memory (MB): peak = 2360.328 ; gain = 16.008 ; free physical = 767 ; free virtual = 5141

Phase 3.5 Timing Path Optimizer
Phase 3.5 Timing Path Optimizer | Checksum: 1ad6d7a9f

Time (s): cpu = 00:01:11 ; elapsed = 00:00:38 . Memory (MB): peak = 2360.328 ; gain = 16.008 ; free physical = 767 ; free virtual = 5141

Phase 3.6 Fast Optimization
Phase 3.6 Fast Optimization | Checksum: fb9bcbb1

Time (s): cpu = 00:01:12 ; elapsed = 00:00:39 . Memory (MB): peak = 2360.328 ; gain = 16.008 ; free physical = 767 ; free virtual = 5141

Phase 3.7 Small Shape Detail Placement
Phase 3.7 Small Shape Detail Placement | Checksum: 1bb118e02

Time (s): cpu = 00:01:17 ; elapsed = 00:00:44 . Memory (MB): peak = 2360.328 ; gain = 16.008 ; free physical = 762 ; free virtual = 5136

Phase 3.8 Re-assign LUT pins
Phase 3.8 Re-assign LUT pins | Checksum: 1630069d8

Time (s): cpu = 00:01:18 ; elapsed = 00:00:45 . Memory (MB): peak = 2360.328 ; gain = 16.008 ; free physical = 762 ; free virtual = 5136

Phase 3.9 Pipeline Register Optimization
Phase 3.9 Pipeline Register Optimization | Checksum: 1630069d8

Time (s): cpu = 00:01:18 ; elapsed = 00:00:45 . Memory (MB): peak = 2360.328 ; gain = 16.008 ; free physical = 762 ; free virtual = 5136

Phase 3.10 Fast Optimization
Phase 3.10 Fast Optimization | Checksum: 21731063f

Time (s): cpu = 00:01:24 ; elapsed = 00:00:48 . Memory (MB): peak = 2360.328 ; gain = 16.008 ; free physical = 764 ; free virtual = 5139
Phase 3 Detail Placement | Checksum: 21731063f

Time (s): cpu = 00:01:24 ; elapsed = 00:00:48 . Memory (MB): peak = 2360.328 ; gain = 16.008 ; free physical = 764 ; free virtual = 5139

Phase 4 Post Placement Optimization and Clean-Up

Phase 4.1 Post Commit Optimization
INFO: [Timing 38-35] Done setting XDC timing constraints.

Phase 4.1.1 Post Placement Optimization
Post Placement Optimization Initialization | Checksum: 262b7256b

Phase 4.1.1.1 BUFG Insertion
INFO: [Physopt 32-721] Multithreading enabled for phys_opt_design using a maximum of 4 CPUs
INFO: [Place 46-38] Processed net i_scope/i_dfilt1_chb/aa_mult_0, BUFG insertion was skipped due to placement/routing conflicts.
INFO: [Place 46-41] BUFG insertion identified 1 candidate nets, 0 success, 1 skipped for placement/routing, 0 skipped for timing, 0 skipped for netlist change reason.
Phase 4.1.1.1 BUFG Insertion | Checksum: 262b7256b

Time (s): cpu = 00:01:35 ; elapsed = 00:00:53 . Memory (MB): peak = 2360.328 ; gain = 16.008 ; free physical = 764 ; free virtual = 5139
INFO: [Place 30-746] Post Placement Timing Summary WNS=-1.353. For the most accurate timing information please run report_timing.
Phase 4.1.1 Post Placement Optimization | Checksum: 28b966311

Time (s): cpu = 00:02:00 ; elapsed = 00:01:10 . Memory (MB): peak = 2360.328 ; gain = 16.008 ; free physical = 758 ; free virtual = 5135
Phase 4.1 Post Commit Optimization | Checksum: 28b966311

Time (s): cpu = 00:02:00 ; elapsed = 00:01:10 . Memory (MB): peak = 2360.328 ; gain = 16.008 ; free physical = 758 ; free virtual = 5135

Phase 4.2 Post Placement Cleanup
Phase 4.2 Post Placement Cleanup | Checksum: 28b966311

Time (s): cpu = 00:02:00 ; elapsed = 00:01:10 . Memory (MB): peak = 2360.328 ; gain = 16.008 ; free physical = 758 ; free virtual = 5135

Phase 4.3 Placer Reporting
Phase 4.3 Placer Reporting | Checksum: 28b966311

Time (s): cpu = 00:02:00 ; elapsed = 00:01:10 . Memory (MB): peak = 2360.328 ; gain = 16.008 ; free physical = 759 ; free virtual = 5135

Phase 4.4 Final Placement Cleanup
Phase 4.4 Final Placement Cleanup | Checksum: 1c772240d

Time (s): cpu = 00:02:00 ; elapsed = 00:01:10 . Memory (MB): peak = 2360.328 ; gain = 16.008 ; free physical = 759 ; free virtual = 5135
Phase 4 Post Placement Optimization and Clean-Up | Checksum: 1c772240d

Time (s): cpu = 00:02:00 ; elapsed = 00:01:10 . Memory (MB): peak = 2360.328 ; gain = 16.008 ; free physical = 759 ; free virtual = 5135
Ending Placer Task | Checksum: 112a3b549

Time (s): cpu = 00:02:01 ; elapsed = 00:01:11 . Memory (MB): peak = 2360.328 ; gain = 16.008 ; free physical = 768 ; free virtual = 5144
69 Infos, 12 Warnings, 10 Critical Warnings and 0 Errors encountered.
place_design completed successfully
place_design: Time (s): cpu = 00:02:07 ; elapsed = 00:01:14 . Memory (MB): peak = 2360.328 ; gain = 16.008 ; free physical = 768 ; free virtual = 5144
Writing placer database...
Writing XDEF routing.
Writing XDEF routing logical nets.
Writing XDEF routing special nets.
Write XDEF Complete: Time (s): cpu = 00:00:05 ; elapsed = 00:00:02 . Memory (MB): peak = 2360.328 ; gain = 0.000 ; free physical = 746 ; free virtual = 5141
INFO: [Common 17-1381] The checkpoint '/home/paul/developing/workspace/RedPitaya/Paul/labcontrol/fpga/redpitaya.runs/impl_1/red_pitaya_top_placed.dcp' has been generated.
report_io: Time (s): cpu = 00:00:00.24 ; elapsed = 00:00:00.31 . Memory (MB): peak = 2360.328 ; gain = 0.000 ; free physical = 752 ; free virtual = 5133
report_utilization: Time (s): cpu = 00:00:00.29 ; elapsed = 00:00:00.35 . Memory (MB): peak = 2360.328 ; gain = 0.000 ; free physical = 759 ; free virtual = 5140
report_control_sets: Time (s): cpu = 00:00:00.19 ; elapsed = 00:00:00.23 . Memory (MB): peak = 2360.328 ; gain = 0.000 ; free physical = 758 ; free virtual = 5139
Command: route_design
Attempting to get a license for feature 'Implementation' and/or device 'xc7z010-clg400'
INFO: [Common 17-349] Got license for feature 'Implementation' and/or device 'xc7z010-clg400'
Running DRC as a precondition to command route_design
Command: report_drc (run_mandatory_drcs) for: router_checks
INFO: [DRC 23-27] Running DRC with 4 threads
report_drc (run_mandatory_drcs) completed successfully
INFO: [Vivado_Tcl 4-198] DRC finished with 0 Errors
INFO: [Vivado_Tcl 4-199] Please refer to the DRC report (report_drc) for more information.


Starting Routing Task
INFO: [Route 35-254] Multithreading enabled for route_design using a maximum of 4 CPUs
Checksum: PlaceDB: f8a8c43d ConstDB: 0 ShapeSum: 19faf10c RouteDB: 0

Phase 1 Build RT Design
Phase 1 Build RT Design | Checksum: 2236e14a

Time (s): cpu = 00:00:18 ; elapsed = 00:00:13 . Memory (MB): peak = 2360.328 ; gain = 0.000 ; free physical = 672 ; free virtual = 5054

Phase 2 Router Initialization

Phase 2.1 Create Timer
Phase 2.1 Create Timer | Checksum: 2236e14a

Time (s): cpu = 00:00:18 ; elapsed = 00:00:14 . Memory (MB): peak = 2360.328 ; gain = 0.000 ; free physical = 671 ; free virtual = 5054

Phase 2.2 Fix Topology Constraints
Phase 2.2 Fix Topology Constraints | Checksum: 2236e14a

Time (s): cpu = 00:00:18 ; elapsed = 00:00:14 . Memory (MB): peak = 2360.328 ; gain = 0.000 ; free physical = 657 ; free virtual = 5040

Phase 2.3 Pre Route Cleanup
Phase 2.3 Pre Route Cleanup | Checksum: 2236e14a

Time (s): cpu = 00:00:18 ; elapsed = 00:00:14 . Memory (MB): peak = 2360.328 ; gain = 0.000 ; free physical = 657 ; free virtual = 5040
 Number of Nodes with overlaps = 0

Phase 2.4 Update Timing
Phase 2.4 Update Timing | Checksum: 153ea1c22

Time (s): cpu = 00:00:33 ; elapsed = 00:00:20 . Memory (MB): peak = 2360.328 ; gain = 0.000 ; free physical = 641 ; free virtual = 5025
INFO: [Route 35-416] Intermediate Timing Summary | WNS=-1.469 | TNS=-106.002| WHS=-0.357 | THS=-318.040|

Phase 2 Router Initialization | Checksum: b2365212

Time (s): cpu = 00:00:40 ; elapsed = 00:00:23 . Memory (MB): peak = 2360.328 ; gain = 0.000 ; free physical = 640 ; free virtual = 5024

Phase 3 Initial Routing
Phase 3 Initial Routing | Checksum: 1bdb7b8f6

Time (s): cpu = 00:01:11 ; elapsed = 00:00:33 . Memory (MB): peak = 2360.328 ; gain = 0.000 ; free physical = 637 ; free virtual = 5021

Phase 4 Rip-up And Reroute

Phase 4.1 Global Iteration 0
 Number of Nodes with overlaps = 1453
 Number of Nodes with overlaps = 152
 Number of Nodes with overlaps = 12
 Number of Nodes with overlaps = 3
 Number of Nodes with overlaps = 1
 Number of Nodes with overlaps = 1
 Number of Nodes with overlaps = 0
INFO: [Route 35-416] Intermediate Timing Summary | WNS=-1.362 | TNS=-234.977| WHS=N/A    | THS=N/A    |

Phase 4.1 Global Iteration 0 | Checksum: 280154474

Time (s): cpu = 00:02:07 ; elapsed = 00:01:06 . Memory (MB): peak = 2360.328 ; gain = 0.000 ; free physical = 629 ; free virtual = 5014

Phase 4.2 Global Iteration 1
 Number of Nodes with overlaps = 19
 Number of Nodes with overlaps = 28
 Number of Nodes with overlaps = 27
 Number of Nodes with overlaps = 5
 Number of Nodes with overlaps = 2
 Number of Nodes with overlaps = 19
 Number of Nodes with overlaps = 0
INFO: [Route 35-416] Intermediate Timing Summary | WNS=-1.319 | TNS=-205.615| WHS=N/A    | THS=N/A    |

Phase 4.2 Global Iteration 1 | Checksum: 166e97ac4

Time (s): cpu = 00:02:17 ; elapsed = 00:01:13 . Memory (MB): peak = 2360.328 ; gain = 0.000 ; free physical = 630 ; free virtual = 5015

Phase 4.3 Global Iteration 2
 Number of Nodes with overlaps = 80
 Number of Nodes with overlaps = 37
 Number of Nodes with overlaps = 9
 Number of Nodes with overlaps = 1
 Number of Nodes with overlaps = 1
 Number of Nodes with overlaps = 1
 Number of Nodes with overlaps = 0
INFO: [Route 35-416] Intermediate Timing Summary | WNS=-1.315 | TNS=-197.524| WHS=N/A    | THS=N/A    |

Phase 4.3 Global Iteration 2 | Checksum: 1ce628372

Time (s): cpu = 00:02:26 ; elapsed = 00:01:18 . Memory (MB): peak = 2360.328 ; gain = 0.000 ; free physical = 629 ; free virtual = 5016
Phase 4 Rip-up And Reroute | Checksum: 1ce628372

Time (s): cpu = 00:02:26 ; elapsed = 00:01:18 . Memory (MB): peak = 2360.328 ; gain = 0.000 ; free physical = 629 ; free virtual = 5016

Phase 5 Delay and Skew Optimization

Phase 5.1 Delay CleanUp

Phase 5.1.1 Update Timing
Phase 5.1.1 Update Timing | Checksum: 126b58b99

Time (s): cpu = 00:02:28 ; elapsed = 00:01:18 . Memory (MB): peak = 2360.328 ; gain = 0.000 ; free physical = 630 ; free virtual = 5016
INFO: [Route 35-416] Intermediate Timing Summary | WNS=-1.166 | TNS=-171.050| WHS=N/A    | THS=N/A    |

 Number of Nodes with overlaps = 0
Phase 5.1 Delay CleanUp | Checksum: 1b582d39c

Time (s): cpu = 00:02:52 ; elapsed = 00:01:26 . Memory (MB): peak = 2360.328 ; gain = 0.000 ; free physical = 612 ; free virtual = 4998

Phase 5.2 Clock Skew Optimization
Phase 5.2 Clock Skew Optimization | Checksum: 1b582d39c

Time (s): cpu = 00:02:52 ; elapsed = 00:01:26 . Memory (MB): peak = 2360.328 ; gain = 0.000 ; free physical = 612 ; free virtual = 4998
Phase 5 Delay and Skew Optimization | Checksum: 1b582d39c

Time (s): cpu = 00:02:52 ; elapsed = 00:01:26 . Memory (MB): peak = 2360.328 ; gain = 0.000 ; free physical = 612 ; free virtual = 4998

Phase 6 Post Hold Fix

Phase 6.1 Hold Fix Iter

Phase 6.1.1 Update Timing
Phase 6.1.1 Update Timing | Checksum: 1eb6faad2

Time (s): cpu = 00:02:55 ; elapsed = 00:01:27 . Memory (MB): peak = 2360.328 ; gain = 0.000 ; free physical = 612 ; free virtual = 4998
INFO: [Route 35-416] Intermediate Timing Summary | WNS=-1.150 | TNS=-136.738| WHS=-2.164 | THS=-58.870|


Phase 6.1.2 Lut RouteThru Assignment for hold
Phase 6.1.2 Lut RouteThru Assignment for hold | Checksum: 181531da8

Time (s): cpu = 00:03:43 ; elapsed = 00:01:43 . Memory (MB): peak = 2360.328 ; gain = 0.000 ; free physical = 593 ; free virtual = 4979
Phase 6.1 Hold Fix Iter | Checksum: 181531da8

Time (s): cpu = 00:03:44 ; elapsed = 00:01:43 . Memory (MB): peak = 2360.328 ; gain = 0.000 ; free physical = 593 ; free virtual = 4979

Phase 6.2 Additional Hold Fix
INFO: [Route 35-416] Intermediate Timing Summary | WNS=-1.150 | TNS=-136.738| WHS=-2.164 | THS=-58.870|

Phase 6.2 Additional Hold Fix | Checksum: 18477f9a5

Time (s): cpu = 00:03:58 ; elapsed = 00:01:50 . Memory (MB): peak = 2360.328 ; gain = 0.000 ; free physical = 596 ; free virtual = 4983
Phase 6 Post Hold Fix | Checksum: 18477f9a5

Time (s): cpu = 00:03:58 ; elapsed = 00:01:50 . Memory (MB): peak = 2360.328 ; gain = 0.000 ; free physical = 596 ; free virtual = 4983

Phase 7 Route finalize

Router Utilization Summary
  Global Vertical Routing Utilization    = 12.0714 %
  Global Horizontal Routing Utilization  = 13.6556 %
  Routable Net Status*
  *Does not include unroutable nets such as driverless and loadless.
  Run report_route_status for detailed report.
  Number of Failed Nets               = 0
  Number of Unrouted Nets             = 0
  Number of Partially Routed Nets     = 0
  Number of Node Overlaps             = 0

Congestion Report
North Dir 1x1 Area, Max Cong = 73.8739%, No Congested Regions.
South Dir 1x1 Area, Max Cong = 52.2523%, No Congested Regions.
East Dir 1x1 Area, Max Cong = 75%, No Congested Regions.
West Dir 1x1 Area, Max Cong = 69.1176%, No Congested Regions.
Phase 7 Route finalize | Checksum: 189dd914e

Time (s): cpu = 00:03:59 ; elapsed = 00:01:50 . Memory (MB): peak = 2360.328 ; gain = 0.000 ; free physical = 596 ; free virtual = 4983

Phase 8 Verifying routed nets

 Verification completed successfully
Phase 8 Verifying routed nets | Checksum: 189dd914e

Time (s): cpu = 00:03:59 ; elapsed = 00:01:50 . Memory (MB): peak = 2360.328 ; gain = 0.000 ; free physical = 595 ; free virtual = 4982

Phase 9 Depositing Routes
Phase 9 Depositing Routes | Checksum: 23a01e09d

Time (s): cpu = 00:04:00 ; elapsed = 00:01:52 . Memory (MB): peak = 2360.328 ; gain = 0.000 ; free physical = 594 ; free virtual = 4981

Phase 10 Post Router Timing

Phase 10.1 Update Timing
Phase 10.1 Update Timing | Checksum: 1e060c75b

Time (s): cpu = 00:04:03 ; elapsed = 00:01:53 . Memory (MB): peak = 2360.328 ; gain = 0.000 ; free physical = 593 ; free virtual = 4980
INFO: [Route 35-57] Estimated Timing Summary | WNS=-1.150 | TNS=-136.738| WHS=-2.164 | THS=-58.870|

WARNING: [Route 35-328] Router estimated timing not met.
Resolution: For a complete and accurate timing signoff, report_timing_summary must be run after route_design. Alternatively, route_design can be run with the -timing_summary option to enable a complete timing signoff at the end of route_design.
Phase 10 Post Router Timing | Checksum: 1e060c75b

Time (s): cpu = 00:04:03 ; elapsed = 00:01:53 . Memory (MB): peak = 2360.328 ; gain = 0.000 ; free physical = 593 ; free virtual = 4980
WARNING: [Route 35-426] Router was unable to fix hold violation on unroutable pins. The router cannot add routing detours to improve hold time because the pins are part of one or more of the following unroutable types: partition pins, fixed routes and intra-site connections.
Resolution: Run report_timing_summary to analyze the hold violations.
INFO: [Route 35-16] Router Completed Successfully

Time (s): cpu = 00:04:03 ; elapsed = 00:01:53 . Memory (MB): peak = 2360.328 ; gain = 0.000 ; free physical = 646 ; free virtual = 5033

Routing Is Done.
84 Infos, 14 Warnings, 10 Critical Warnings and 0 Errors encountered.
route_design completed successfully
route_design: Time (s): cpu = 00:04:12 ; elapsed = 00:01:57 . Memory (MB): peak = 2360.328 ; gain = 0.000 ; free physical = 646 ; free virtual = 5033
Writing placer database...
Writing XDEF routing.
Writing XDEF routing logical nets.
Writing XDEF routing special nets.
Write XDEF Complete: Time (s): cpu = 00:00:06 ; elapsed = 00:00:02 . Memory (MB): peak = 2360.328 ; gain = 0.000 ; free physical = 622 ; free virtual = 5032
INFO: [Common 17-1381] The checkpoint '/home/paul/developing/workspace/RedPitaya/Paul/labcontrol/fpga/redpitaya.runs/impl_1/red_pitaya_top_routed.dcp' has been generated.
Command: report_drc -file red_pitaya_top_drc_routed.rpt -pb red_pitaya_top_drc_routed.pb -rpx red_pitaya_top_drc_routed.rpx
INFO: [DRC 23-27] Running DRC with 4 threads
INFO: [Coretcl 2-168] The results of DRC are in file /home/paul/developing/workspace/RedPitaya/Paul/labcontrol/fpga/redpitaya.runs/impl_1/red_pitaya_top_drc_routed.rpt.
report_drc completed successfully
report_drc: Time (s): cpu = 00:00:14 ; elapsed = 00:00:05 . Memory (MB): peak = 2393.348 ; gain = 33.020 ; free physical = 626 ; free virtual = 5019
Command: report_methodology -file red_pitaya_top_methodology_drc_routed.rpt -rpx red_pitaya_top_methodology_drc_routed.rpx
INFO: [Timing 38-35] Done setting XDC timing constraints.
INFO: [DRC 23-133] Running Methodology with 4 threads
INFO: [Coretcl 2-1520] The results of Report Methodology are in file /home/paul/developing/workspace/RedPitaya/Paul/labcontrol/fpga/redpitaya.runs/impl_1/red_pitaya_top_methodology_drc_routed.rpt.
report_methodology completed successfully
report_methodology: Time (s): cpu = 00:00:25 ; elapsed = 00:00:08 . Memory (MB): peak = 2393.348 ; gain = 0.000 ; free physical = 542 ; free virtual = 4939
Command: report_power -file red_pitaya_top_power_routed.rpt -pb red_pitaya_top_power_summary_routed.pb -rpx red_pitaya_top_power_routed.rpx
INFO: [Power 33-23] Power model is not available for i_DNA
INFO: [Timing 38-35] Done setting XDC timing constraints.
Running Vector-less Activity Propagation...

Finished Running Vector-less Activity Propagation
WARNING: [Power 33-332] Found switching activity that implies high-fanout reset nets being asserted for excessive periods of time which may result in inaccurate power analysis.
Resolution: To review and fix problems, please run Power Constraints Advisor in the GUI from Tools > Power Constraints Advisor or run report_power with the -advisory option to generate a text report.
92 Infos, 15 Warnings, 10 Critical Warnings and 0 Errors encountered.
report_power completed successfully
report_power: Time (s): cpu = 00:00:14 ; elapsed = 00:00:07 . Memory (MB): peak = 2393.348 ; gain = 0.000 ; free physical = 515 ; free virtual = 4918
INFO: [Timing 38-91] UpdateTimingParams: Speed grade: -1, Delay Type: min_max.
INFO: [Timing 38-191] Multithreading enabled for timing update using a maximum of 4 CPUs
CRITICAL WARNING: [Timing 38-282] The design failed to meet the timing requirements. Please see the timing summary report for details on the timing violations.
Command: write_bitstream -force red_pitaya_top.bit
Attempting to get a license for feature 'Implementation' and/or device 'xc7z010-clg400'
INFO: [Common 17-349] Got license for feature 'Implementation' and/or device 'xc7z010-clg400'
Running DRC as a precondition to command write_bitstream
Command: report_drc (run_mandatory_drcs) for: bitstream_checks
INFO: [DRC 23-27] Running DRC with 4 threads
WARNING: [DRC DPIP-1] Input pipelining: DSP i_asg/ch[0]/dac_mult_reg input i_asg/ch[0]/dac_mult_reg/A[29:0] is not pipelined. Pipelining DSP48 input will improve performance.
WARNING: [DRC DPIP-1] Input pipelining: DSP i_asg/ch[1]/dac_mult_reg input i_asg/ch[1]/dac_mult_reg/A[29:0] is not pipelined. Pipelining DSP48 input will improve performance.
WARNING: [DRC DPIP-1] Input pipelining: DSP i_pid/i_pid11/int_sum input i_pid/i_pid11/int_sum/A[29:0] is not pipelined. Pipelining DSP48 input will improve performance.
WARNING: [DRC DPIP-1] Input pipelining: DSP i_pid/i_pid11/kd_mult input i_pid/i_pid11/kd_mult/A[29:0] is not pipelined. Pipelining DSP48 input will improve performance.
WARNING: [DRC DPIP-1] Input pipelining: DSP i_pid/i_pid11/kp_mult input i_pid/i_pid11/kp_mult/A[29:0] is not pipelined. Pipelining DSP48 input will improve performance.
WARNING: [DRC DPIP-1] Input pipelining: DSP i_pid/i_pid12/int_sum input i_pid/i_pid12/int_sum/A[29:0] is not pipelined. Pipelining DSP48 input will improve performance.
WARNING: [DRC DPIP-1] Input pipelining: DSP i_pid/i_pid12/kd_mult input i_pid/i_pid12/kd_mult/A[29:0] is not pipelined. Pipelining DSP48 input will improve performance.
WARNING: [DRC DPIP-1] Input pipelining: DSP i_pid/i_pid12/kp_mult input i_pid/i_pid12/kp_mult/A[29:0] is not pipelined. Pipelining DSP48 input will improve performance.
WARNING: [DRC DPIP-1] Input pipelining: DSP i_pid/i_pid21/int_sum input i_pid/i_pid21/int_sum/A[29:0] is not pipelined. Pipelining DSP48 input will improve performance.
WARNING: [DRC DPIP-1] Input pipelining: DSP i_pid/i_pid21/kd_mult input i_pid/i_pid21/kd_mult/A[29:0] is not pipelined. Pipelining DSP48 input will improve performance.
WARNING: [DRC DPIP-1] Input pipelining: DSP i_pid/i_pid21/kp_mult input i_pid/i_pid21/kp_mult/A[29:0] is not pipelined. Pipelining DSP48 input will improve performance.
WARNING: [DRC DPIP-1] Input pipelining: DSP i_pid/i_pid22/int_sum input i_pid/i_pid22/int_sum/A[29:0] is not pipelined. Pipelining DSP48 input will improve performance.
WARNING: [DRC DPIP-1] Input pipelining: DSP i_pid/i_pid22/kd_mult input i_pid/i_pid22/kd_mult/A[29:0] is not pipelined. Pipelining DSP48 input will improve performance.
WARNING: [DRC DPIP-1] Input pipelining: DSP i_pid/i_pid22/kp_mult input i_pid/i_pid22/kp_mult/A[29:0] is not pipelined. Pipelining DSP48 input will improve performance.
WARNING: [DRC DPIP-1] Input pipelining: DSP i_scope/i_dfilt1_cha/bb_mult input i_scope/i_dfilt1_cha/bb_mult/B[17:0] is not pipelined. Pipelining DSP48 input will improve performance.
WARNING: [DRC DPIP-1] Input pipelining: DSP i_scope/i_dfilt1_cha/kk_mult input i_scope/i_dfilt1_cha/kk_mult/A[29:0] is not pipelined. Pipelining DSP48 input will improve performance.
WARNING: [DRC DPIP-1] Input pipelining: DSP i_scope/i_dfilt1_chb/bb_mult input i_scope/i_dfilt1_chb/bb_mult/B[17:0] is not pipelined. Pipelining DSP48 input will improve performance.
WARNING: [DRC DPIP-1] Input pipelining: DSP i_scope/i_dfilt1_chb/kk_mult input i_scope/i_dfilt1_chb/kk_mult/A[29:0] is not pipelined. Pipelining DSP48 input will improve performance.
WARNING: [DRC DPOP-1] PREG Output pipelining: DSP i_asg/ch[0]/dac_mult_reg output i_asg/ch[0]/dac_mult_reg/P[47:0] is not pipelined (PREG=0). Pipelining the DSP48 output will improve performance and often saves power so it is suggested whenever possible to fully pipeline this function.  If this DSP48 function was inferred, it is suggested to describe an additional register stage after this function.  If the DSP48 was instantiated in the design, it is suggested to set the PREG attribute to 1.
WARNING: [DRC DPOP-1] PREG Output pipelining: DSP i_asg/ch[1]/dac_mult_reg output i_asg/ch[1]/dac_mult_reg/P[47:0] is not pipelined (PREG=0). Pipelining the DSP48 output will improve performance and often saves power so it is suggested whenever possible to fully pipeline this function.  If this DSP48 function was inferred, it is suggested to describe an additional register stage after this function.  If the DSP48 was instantiated in the design, it is suggested to set the PREG attribute to 1.
WARNING: [DRC DPOP-1] PREG Output pipelining: DSP i_pid/i_pid11/int_sum output i_pid/i_pid11/int_sum/PATTERNBDETECT is not pipelined (PREG=0). Pipelining the DSP48 output will improve performance and often saves power so it is suggested whenever possible to fully pipeline this function.  If this DSP48 function was inferred, it is suggested to describe an additional register stage after this function.  If the DSP48 was instantiated in the design, it is suggested to set the PREG attribute to 1.
WARNING: [DRC DPOP-1] PREG Output pipelining: DSP i_pid/i_pid11/int_sum output i_pid/i_pid11/int_sum/PATTERNDETECT is not pipelined (PREG=0). Pipelining the DSP48 output will improve performance and often saves power so it is suggested whenever possible to fully pipeline this function.  If this DSP48 function was inferred, it is suggested to describe an additional register stage after this function.  If the DSP48 was instantiated in the design, it is suggested to set the PREG attribute to 1.
WARNING: [DRC DPOP-1] PREG Output pipelining: DSP i_pid/i_pid11/int_sum output i_pid/i_pid11/int_sum/P[47:0] is not pipelined (PREG=0). Pipelining the DSP48 output will improve performance and often saves power so it is suggested whenever possible to fully pipeline this function.  If this DSP48 function was inferred, it is suggested to describe an additional register stage after this function.  If the DSP48 was instantiated in the design, it is suggested to set the PREG attribute to 1.
WARNING: [DRC DPOP-1] PREG Output pipelining: DSP i_pid/i_pid12/int_sum output i_pid/i_pid12/int_sum/PATTERNBDETECT is not pipelined (PREG=0). Pipelining the DSP48 output will improve performance and often saves power so it is suggested whenever possible to fully pipeline this function.  If this DSP48 function was inferred, it is suggested to describe an additional register stage after this function.  If the DSP48 was instantiated in the design, it is suggested to set the PREG attribute to 1.
WARNING: [DRC DPOP-1] PREG Output pipelining: DSP i_pid/i_pid12/int_sum output i_pid/i_pid12/int_sum/PATTERNDETECT is not pipelined (PREG=0). Pipelining the DSP48 output will improve performance and often saves power so it is suggested whenever possible to fully pipeline this function.  If this DSP48 function was inferred, it is suggested to describe an additional register stage after this function.  If the DSP48 was instantiated in the design, it is suggested to set the PREG attribute to 1.
WARNING: [DRC DPOP-1] PREG Output pipelining: DSP i_pid/i_pid12/int_sum output i_pid/i_pid12/int_sum/P[47:0] is not pipelined (PREG=0). Pipelining the DSP48 output will improve performance and often saves power so it is suggested whenever possible to fully pipeline this function.  If this DSP48 function was inferred, it is suggested to describe an additional register stage after this function.  If the DSP48 was instantiated in the design, it is suggested to set the PREG attribute to 1.
WARNING: [DRC DPOP-1] PREG Output pipelining: DSP i_pid/i_pid21/int_sum output i_pid/i_pid21/int_sum/PATTERNBDETECT is not pipelined (PREG=0). Pipelining the DSP48 output will improve performance and often saves power so it is suggested whenever possible to fully pipeline this function.  If this DSP48 function was inferred, it is suggested to describe an additional register stage after this function.  If the DSP48 was instantiated in the design, it is suggested to set the PREG attribute to 1.
WARNING: [DRC DPOP-1] PREG Output pipelining: DSP i_pid/i_pid21/int_sum output i_pid/i_pid21/int_sum/PATTERNDETECT is not pipelined (PREG=0). Pipelining the DSP48 output will improve performance and often saves power so it is suggested whenever possible to fully pipeline this function.  If this DSP48 function was inferred, it is suggested to describe an additional register stage after this function.  If the DSP48 was instantiated in the design, it is suggested to set the PREG attribute to 1.
WARNING: [DRC DPOP-1] PREG Output pipelining: DSP i_pid/i_pid21/int_sum output i_pid/i_pid21/int_sum/P[47:0] is not pipelined (PREG=0). Pipelining the DSP48 output will improve performance and often saves power so it is suggested whenever possible to fully pipeline this function.  If this DSP48 function was inferred, it is suggested to describe an additional register stage after this function.  If the DSP48 was instantiated in the design, it is suggested to set the PREG attribute to 1.
WARNING: [DRC DPOP-1] PREG Output pipelining: DSP i_pid/i_pid22/int_sum output i_pid/i_pid22/int_sum/PATTERNBDETECT is not pipelined (PREG=0). Pipelining the DSP48 output will improve performance and often saves power so it is suggested whenever possible to fully pipeline this function.  If this DSP48 function was inferred, it is suggested to describe an additional register stage after this function.  If the DSP48 was instantiated in the design, it is suggested to set the PREG attribute to 1.
WARNING: [DRC DPOP-1] PREG Output pipelining: DSP i_pid/i_pid22/int_sum output i_pid/i_pid22/int_sum/PATTERNDETECT is not pipelined (PREG=0). Pipelining the DSP48 output will improve performance and often saves power so it is suggested whenever possible to fully pipeline this function.  If this DSP48 function was inferred, it is suggested to describe an additional register stage after this function.  If the DSP48 was instantiated in the design, it is suggested to set the PREG attribute to 1.
WARNING: [DRC DPOP-1] PREG Output pipelining: DSP i_pid/i_pid22/int_sum output i_pid/i_pid22/int_sum/P[47:0] is not pipelined (PREG=0). Pipelining the DSP48 output will improve performance and often saves power so it is suggested whenever possible to fully pipeline this function.  If this DSP48 function was inferred, it is suggested to describe an additional register stage after this function.  If the DSP48 was instantiated in the design, it is suggested to set the PREG attribute to 1.
WARNING: [DRC DPOP-1] PREG Output pipelining: DSP i_scope/i_dfilt1_cha/aa_mult output i_scope/i_dfilt1_cha/aa_mult/P[47:0] is not pipelined (PREG=0). Pipelining the DSP48 output will improve performance and often saves power so it is suggested whenever possible to fully pipeline this function.  If this DSP48 function was inferred, it is suggested to describe an additional register stage after this function.  If the DSP48 was instantiated in the design, it is suggested to set the PREG attribute to 1.
WARNING: [DRC DPOP-1] PREG Output pipelining: DSP i_scope/i_dfilt1_cha/kk_mult output i_scope/i_dfilt1_cha/kk_mult/P[47:0] is not pipelined (PREG=0). Pipelining the DSP48 output will improve performance and often saves power so it is suggested whenever possible to fully pipeline this function.  If this DSP48 function was inferred, it is suggested to describe an additional register stage after this function.  If the DSP48 was instantiated in the design, it is suggested to set the PREG attribute to 1.
WARNING: [DRC DPOP-1] PREG Output pipelining: DSP i_scope/i_dfilt1_cha/pp_mult output i_scope/i_dfilt1_cha/pp_mult/P[47:0] is not pipelined (PREG=0). Pipelining the DSP48 output will improve performance and often saves power so it is suggested whenever possible to fully pipeline this function.  If this DSP48 function was inferred, it is suggested to describe an additional register stage after this function.  If the DSP48 was instantiated in the design, it is suggested to set the PREG attribute to 1.
WARNING: [DRC DPOP-1] PREG Output pipelining: DSP i_scope/i_dfilt1_chb/aa_mult output i_scope/i_dfilt1_chb/aa_mult/P[47:0] is not pipelined (PREG=0). Pipelining the DSP48 output will improve performance and often saves power so it is suggested whenever possible to fully pipeline this function.  If this DSP48 function was inferred, it is suggested to describe an additional register stage after this function.  If the DSP48 was instantiated in the design, it is suggested to set the PREG attribute to 1.
WARNING: [DRC DPOP-1] PREG Output pipelining: DSP i_scope/i_dfilt1_chb/kk_mult output i_scope/i_dfilt1_chb/kk_mult/P[47:0] is not pipelined (PREG=0). Pipelining the DSP48 output will improve performance and often saves power so it is suggested whenever possible to fully pipeline this function.  If this DSP48 function was inferred, it is suggested to describe an additional register stage after this function.  If the DSP48 was instantiated in the design, it is suggested to set the PREG attribute to 1.
WARNING: [DRC DPOP-1] PREG Output pipelining: DSP i_scope/i_dfilt1_chb/pp_mult output i_scope/i_dfilt1_chb/pp_mult/P[47:0] is not pipelined (PREG=0). Pipelining the DSP48 output will improve performance and often saves power so it is suggested whenever possible to fully pipeline this function.  If this DSP48 function was inferred, it is suggested to describe an additional register stage after this function.  If the DSP48 was instantiated in the design, it is suggested to set the PREG attribute to 1.
WARNING: [DRC DPOP-2] MREG Output pipelining: DSP i_pid/i_pid11/kd_mult multiplier stage i_pid/i_pid11/kd_mult/P[47:0] is not pipelined (MREG=0). Pipelining the multiplier function will improve performance and will save significant power so it is suggested whenever possible to fully pipeline this function.  If this multiplier was inferred, it is suggested to describe an additional register stage after this function.  If there is no registered adder/accumulator following the multiply function, two pipeline stages are suggested to allow both the MREG and PREG registers to be used.  If the DSP48 was instantiated in the design, it is suggested to set both the MREG and PREG attributes to 1 when performing multiply functions.
WARNING: [DRC DPOP-2] MREG Output pipelining: DSP i_pid/i_pid11/kp_mult multiplier stage i_pid/i_pid11/kp_mult/P[47:0] is not pipelined (MREG=0). Pipelining the multiplier function will improve performance and will save significant power so it is suggested whenever possible to fully pipeline this function.  If this multiplier was inferred, it is suggested to describe an additional register stage after this function.  If there is no registered adder/accumulator following the multiply function, two pipeline stages are suggested to allow both the MREG and PREG registers to be used.  If the DSP48 was instantiated in the design, it is suggested to set both the MREG and PREG attributes to 1 when performing multiply functions.
WARNING: [DRC DPOP-2] MREG Output pipelining: DSP i_pid/i_pid12/kd_mult multiplier stage i_pid/i_pid12/kd_mult/P[47:0] is not pipelined (MREG=0). Pipelining the multiplier function will improve performance and will save significant power so it is suggested whenever possible to fully pipeline this function.  If this multiplier was inferred, it is suggested to describe an additional register stage after this function.  If there is no registered adder/accumulator following the multiply function, two pipeline stages are suggested to allow both the MREG and PREG registers to be used.  If the DSP48 was instantiated in the design, it is suggested to set both the MREG and PREG attributes to 1 when performing multiply functions.
WARNING: [DRC DPOP-2] MREG Output pipelining: DSP i_pid/i_pid12/kp_mult multiplier stage i_pid/i_pid12/kp_mult/P[47:0] is not pipelined (MREG=0). Pipelining the multiplier function will improve performance and will save significant power so it is suggested whenever possible to fully pipeline this function.  If this multiplier was inferred, it is suggested to describe an additional register stage after this function.  If there is no registered adder/accumulator following the multiply function, two pipeline stages are suggested to allow both the MREG and PREG registers to be used.  If the DSP48 was instantiated in the design, it is suggested to set both the MREG and PREG attributes to 1 when performing multiply functions.
WARNING: [DRC DPOP-2] MREG Output pipelining: DSP i_pid/i_pid21/kd_mult multiplier stage i_pid/i_pid21/kd_mult/P[47:0] is not pipelined (MREG=0). Pipelining the multiplier function will improve performance and will save significant power so it is suggested whenever possible to fully pipeline this function.  If this multiplier was inferred, it is suggested to describe an additional register stage after this function.  If there is no registered adder/accumulator following the multiply function, two pipeline stages are suggested to allow both the MREG and PREG registers to be used.  If the DSP48 was instantiated in the design, it is suggested to set both the MREG and PREG attributes to 1 when performing multiply functions.
WARNING: [DRC DPOP-2] MREG Output pipelining: DSP i_pid/i_pid21/kp_mult multiplier stage i_pid/i_pid21/kp_mult/P[47:0] is not pipelined (MREG=0). Pipelining the multiplier function will improve performance and will save significant power so it is suggested whenever possible to fully pipeline this function.  If this multiplier was inferred, it is suggested to describe an additional register stage after this function.  If there is no registered adder/accumulator following the multiply function, two pipeline stages are suggested to allow both the MREG and PREG registers to be used.  If the DSP48 was instantiated in the design, it is suggested to set both the MREG and PREG attributes to 1 when performing multiply functions.
WARNING: [DRC DPOP-2] MREG Output pipelining: DSP i_pid/i_pid22/kd_mult multiplier stage i_pid/i_pid22/kd_mult/P[47:0] is not pipelined (MREG=0). Pipelining the multiplier function will improve performance and will save significant power so it is suggested whenever possible to fully pipeline this function.  If this multiplier was inferred, it is suggested to describe an additional register stage after this function.  If there is no registered adder/accumulator following the multiply function, two pipeline stages are suggested to allow both the MREG and PREG registers to be used.  If the DSP48 was instantiated in the design, it is suggested to set both the MREG and PREG attributes to 1 when performing multiply functions.
WARNING: [DRC DPOP-2] MREG Output pipelining: DSP i_pid/i_pid22/kp_mult multiplier stage i_pid/i_pid22/kp_mult/P[47:0] is not pipelined (MREG=0). Pipelining the multiplier function will improve performance and will save significant power so it is suggested whenever possible to fully pipeline this function.  If this multiplier was inferred, it is suggested to describe an additional register stage after this function.  If there is no registered adder/accumulator following the multiply function, two pipeline stages are suggested to allow both the MREG and PREG registers to be used.  If the DSP48 was instantiated in the design, it is suggested to set both the MREG and PREG attributes to 1 when performing multiply functions.
WARNING: [DRC DPOP-2] MREG Output pipelining: DSP i_scope/i_dfilt1_cha/aa_mult multiplier stage i_scope/i_dfilt1_cha/aa_mult/P[47:0] is not pipelined (MREG=0). Pipelining the multiplier function will improve performance and will save significant power so it is suggested whenever possible to fully pipeline this function.  If this multiplier was inferred, it is suggested to describe an additional register stage after this function.  If there is no registered adder/accumulator following the multiply function, two pipeline stages are suggested to allow both the MREG and PREG registers to be used.  If the DSP48 was instantiated in the design, it is suggested to set both the MREG and PREG attributes to 1 when performing multiply functions.
WARNING: [DRC DPOP-2] MREG Output pipelining: DSP i_scope/i_dfilt1_cha/bb_mult multiplier stage i_scope/i_dfilt1_cha/bb_mult/P[47:0] is not pipelined (MREG=0). Pipelining the multiplier function will improve performance and will save significant power so it is suggested whenever possible to fully pipeline this function.  If this multiplier was inferred, it is suggested to describe an additional register stage after this function.  If there is no registered adder/accumulator following the multiply function, two pipeline stages are suggested to allow both the MREG and PREG registers to be used.  If the DSP48 was instantiated in the design, it is suggested to set both the MREG and PREG attributes to 1 when performing multiply functions.
WARNING: [DRC DPOP-2] MREG Output pipelining: DSP i_scope/i_dfilt1_cha/kk_mult multiplier stage i_scope/i_dfilt1_cha/kk_mult/P[47:0] is not pipelined (MREG=0). Pipelining the multiplier function will improve performance and will save significant power so it is suggested whenever possible to fully pipeline this function.  If this multiplier was inferred, it is suggested to describe an additional register stage after this function.  If there is no registered adder/accumulator following the multiply function, two pipeline stages are suggested to allow both the MREG and PREG registers to be used.  If the DSP48 was instantiated in the design, it is suggested to set both the MREG and PREG attributes to 1 when performing multiply functions.
WARNING: [DRC DPOP-2] MREG Output pipelining: DSP i_scope/i_dfilt1_cha/pp_mult multiplier stage i_scope/i_dfilt1_cha/pp_mult/P[47:0] is not pipelined (MREG=0). Pipelining the multiplier function will improve performance and will save significant power so it is suggested whenever possible to fully pipeline this function.  If this multiplier was inferred, it is suggested to describe an additional register stage after this function.  If there is no registered adder/accumulator following the multiply function, two pipeline stages are suggested to allow both the MREG and PREG registers to be used.  If the DSP48 was instantiated in the design, it is suggested to set both the MREG and PREG attributes to 1 when performing multiply functions.
WARNING: [DRC DPOP-2] MREG Output pipelining: DSP i_scope/i_dfilt1_chb/aa_mult multiplier stage i_scope/i_dfilt1_chb/aa_mult/P[47:0] is not pipelined (MREG=0). Pipelining the multiplier function will improve performance and will save significant power so it is suggested whenever possible to fully pipeline this function.  If this multiplier was inferred, it is suggested to describe an additional register stage after this function.  If there is no registered adder/accumulator following the multiply function, two pipeline stages are suggested to allow both the MREG and PREG registers to be used.  If the DSP48 was instantiated in the design, it is suggested to set both the MREG and PREG attributes to 1 when performing multiply functions.
WARNING: [DRC DPOP-2] MREG Output pipelining: DSP i_scope/i_dfilt1_chb/bb_mult multiplier stage i_scope/i_dfilt1_chb/bb_mult/P[47:0] is not pipelined (MREG=0). Pipelining the multiplier function will improve performance and will save significant power so it is suggested whenever possible to fully pipeline this function.  If this multiplier was inferred, it is suggested to describe an additional register stage after this function.  If there is no registered adder/accumulator following the multiply function, two pipeline stages are suggested to allow both the MREG and PREG registers to be used.  If the DSP48 was instantiated in the design, it is suggested to set both the MREG and PREG attributes to 1 when performing multiply functions.
WARNING: [DRC DPOP-2] MREG Output pipelining: DSP i_scope/i_dfilt1_chb/kk_mult multiplier stage i_scope/i_dfilt1_chb/kk_mult/P[47:0] is not pipelined (MREG=0). Pipelining the multiplier function will improve performance and will save significant power so it is suggested whenever possible to fully pipeline this function.  If this multiplier was inferred, it is suggested to describe an additional register stage after this function.  If there is no registered adder/accumulator following the multiply function, two pipeline stages are suggested to allow both the MREG and PREG registers to be used.  If the DSP48 was instantiated in the design, it is suggested to set both the MREG and PREG attributes to 1 when performing multiply functions.
WARNING: [DRC DPOP-2] MREG Output pipelining: DSP i_scope/i_dfilt1_chb/pp_mult multiplier stage i_scope/i_dfilt1_chb/pp_mult/P[47:0] is not pipelined (MREG=0). Pipelining the multiplier function will improve performance and will save significant power so it is suggested whenever possible to fully pipeline this function.  If this multiplier was inferred, it is suggested to describe an additional register stage after this function.  If there is no registered adder/accumulator following the multiply function, two pipeline stages are suggested to allow both the MREG and PREG registers to be used.  If the DSP48 was instantiated in the design, it is suggested to set both the MREG and PREG attributes to 1 when performing multiply functions.
WARNING: [DRC RPBF-3] IO port buffering is incomplete: Device port led_o[0] expects both input and output buffering but the buffers are incomplete.
WARNING: [DRC RPBF-3] IO port buffering is incomplete: Device port led_o[1] expects both input and output buffering but the buffers are incomplete.
WARNING: [DRC RPBF-3] IO port buffering is incomplete: Device port led_o[2] expects both input and output buffering but the buffers are incomplete.
WARNING: [DRC RPBF-3] IO port buffering is incomplete: Device port led_o[3] expects both input and output buffering but the buffers are incomplete.
WARNING: [DRC RPBF-3] IO port buffering is incomplete: Device port led_o[4] expects both input and output buffering but the buffers are incomplete.
WARNING: [DRC RPBF-3] IO port buffering is incomplete: Device port led_o[5] expects both input and output buffering but the buffers are incomplete.
WARNING: [DRC RPBF-3] IO port buffering is incomplete: Device port led_o[6] expects both input and output buffering but the buffers are incomplete.
WARNING: [DRC RPBF-3] IO port buffering is incomplete: Device port led_o[7] expects both input and output buffering but the buffers are incomplete.
report_drc (run_mandatory_drcs) completed successfully
INFO: [Vivado 12-3199] DRC finished with 0 Errors, 62 Warnings
INFO: [Vivado 12-3200] Please refer to the DRC report (report_drc) for more information.
INFO: [Project 1-821] Please set project.enableDesignId to be 'true'.
INFO: [Designutils 20-2272] Running write_bitstream with 4 threads.
Loading data files...
Loading site data...
Loading route data...
Processing options...
Creating bitmap...
Creating bitstream...
Writing bitstream ./red_pitaya_top.bit...
INFO: [Vivado 12-1842] Bitgen Completed Successfully.
INFO: [Project 1-120] WebTalk data collection is mandatory when using a WebPACK part without a full Vivado license. To see the specific WebTalk data collected for your design, open the usage_statistics_webtalk.html or usage_statistics_webtalk.xml file in the implementation directory.
INFO: [Common 17-186] '/home/paul/developing/workspace/RedPitaya/Paul/labcontrol/fpga/redpitaya.runs/impl_1/usage_statistics_webtalk.xml' has been successfully sent to Xilinx on Tue Oct 24 16:27:26 2017. For additional details about this file, please refer to the WebTalk help file at /opt/Xilinx/Vivado/2017.1/doc/webtalk_introduction.html.
103 Infos, 77 Warnings, 11 Critical Warnings and 0 Errors encountered.
write_bitstream completed successfully
write_bitstream: Time (s): cpu = 00:00:49 ; elapsed = 00:00:28 . Memory (MB): peak = 2664.734 ; gain = 271.387 ; free physical = 467 ; free virtual = 4885
INFO: [Common 17-206] Exiting Vivado at Tue Oct 24 16:27:26 2017...
