Copyright 1986-2015 Xilinx, Inc. All Rights Reserved.
----------------------------------------------------------------------------------------
| Tool Version     : Vivado v.2015.4 (lin64) Build 1412921 Wed Nov 18 09:44:32 MST 2015
| Date             : Mon Jan 23 15:51:25 2017
| Host             : AE5UPH16 running 64-bit Ubuntu 16.04.1 LTS
| Command          : 
| Design           : red_pitaya_top
| Device           : xc7z010clg400-1
| Design State     : routed
| Grade            : commercial
| Process          : typical
| Characterization : Production
----------------------------------------------------------------------------------------

Power Report

Table of Contents
-----------------
1. Summary
1.1 On-Chip Components
1.2 Power Supply Summary
1.3 Confidence Level
2. Settings
2.1 Environment
2.2 Clock Constraints
3. Detailed Reports
3.1 By Hierarchy

1. Summary
----------

+--------------------------+-------+
| Total On-Chip Power (W)  | 2.083 |
| Dynamic (W)              | 1.936 |
| Device Static (W)        | 0.147 |
| Effective TJA (C/W)      | 11.5  |
| Max Ambient (C)          | 61.0  |
| Junction Temperature (C) | 49.0  |
| Confidence Level         | Low   |
| Setting File             | ---   |
| Simulation Activity File | ---   |
| Design Nets Matched      | NA    |
+--------------------------+-------+


1.1 On-Chip Components
----------------------

+--------------------------+-----------+----------+-----------+-----------------+
| On-Chip                  | Power (W) | Used     | Available | Utilization (%) |
+--------------------------+-----------+----------+-----------+-----------------+
| Clocks                   |     0.036 |       14 |       --- |             --- |
| Slice Logic              |     0.031 |    12658 |       --- |             --- |
|   LUT as Logic           |     0.026 |     4983 |     17600 |           28.31 |
|   CARRY4                 |     0.003 |      516 |      4400 |           11.73 |
|   Register               |     0.002 |     5468 |     35200 |           15.53 |
|   LUT as Distributed RAM |    <0.001 |      160 |      6000 |            2.67 |
|   F7/F8 Muxes            |    <0.001 |       41 |     17600 |            0.23 |
|   LUT as Shift Register  |    <0.001 |       69 |      6000 |            1.15 |
|   Others                 |     0.000 |      273 |       --- |             --- |
| Signals                  |     0.047 |    10392 |       --- |             --- |
| Block RAM                |     0.099 |       30 |        60 |           50.00 |
| PLL                      |     0.097 |        1 |         2 |           50.00 |
| DSPs                     |     0.042 |       32 |        80 |           40.00 |
| I/O                      |     0.288 |       93 |       100 |           93.00 |
| XADC                     |     0.004 |        1 |       --- |             --- |
| PS7                      |     1.292 |        1 |       --- |             --- |
| Static Power             |     0.147 |          |           |                 |
| Total                    |     2.083 |          |           |                 |
+--------------------------+-----------+----------+-----------+-----------------+


1.2 Power Supply Summary
------------------------

+-----------+-------------+-----------+-------------+------------+
| Source    | Voltage (V) | Total (A) | Dynamic (A) | Static (A) |
+-----------+-------------+-----------+-------------+------------+
| Vccint    |       1.000 |     0.263 |       0.253 |      0.010 |
| Vccaux    |       1.800 |     0.069 |       0.057 |      0.012 |
| Vcco33    |       3.300 |     0.085 |       0.084 |      0.001 |
| Vcco25    |       2.500 |     0.001 |       0.000 |      0.001 |
| Vcco18    |       1.800 |     0.002 |       0.001 |      0.001 |
| Vcco15    |       1.500 |     0.001 |       0.000 |      0.001 |
| Vcco135   |       1.350 |     0.000 |       0.000 |      0.000 |
| Vcco12    |       1.200 |     0.000 |       0.000 |      0.000 |
| Vccaux_io |       1.800 |     0.000 |       0.000 |      0.000 |
| Vccbram   |       1.000 |     0.011 |       0.008 |      0.003 |
| MGTAVcc   |       1.000 |     0.000 |       0.000 |      0.000 |
| MGTAVtt   |       1.200 |     0.000 |       0.000 |      0.000 |
| MGTVccaux |       1.800 |     0.000 |       0.000 |      0.000 |
| Vccpint   |       1.000 |     0.713 |       0.678 |      0.035 |
| Vccpaux   |       1.800 |     0.038 |       0.027 |      0.010 |
| Vccpll    |       1.800 |     0.017 |       0.014 |      0.003 |
| Vcco_ddr  |       1.500 |     0.356 |       0.354 |      0.002 |
| Vcco_mio0 |       3.300 |     0.002 |       0.001 |      0.001 |
| Vcco_mio1 |       2.500 |     0.003 |       0.002 |      0.001 |
| Vccadc    |       1.800 |     0.022 |       0.002 |      0.020 |
+-----------+-------------+-----------+-------------+------------+


1.3 Confidence Level
--------------------

+-----------------------------+------------+--------------------------------------------------------+------------------------------------------------------------------------------------------------------------+
| User Input Data             | Confidence | Details                                                | Action                                                                                                     |
+-----------------------------+------------+--------------------------------------------------------+------------------------------------------------------------------------------------------------------------+
| Design implementation state | High       | Design is routed                                       |                                                                                                            |
| Clock nodes activity        | High       | User specified more than 95% of clocks                 |                                                                                                            |
| I/O nodes activity          | Low        | More than 75% of inputs are missing user specification | Provide missing input activity with simulation results or by editing the "By Resource Type -> I/Os" view   |
| Internal nodes activity     | Medium     | User specified less than 25% of internal nodes         | Provide missing internal nodes activity with simulation results or by editing the "By Resource Type" views |
| Device models               | High       | Device models are Production                           |                                                                                                            |
|                             |            |                                                        |                                                                                                            |
| Overall confidence level    | Low        |                                                        |                                                                                                            |
+-----------------------------+------------+--------------------------------------------------------+------------------------------------------------------------------------------------------------------------+


2. Settings
-----------

2.1 Environment
---------------

+-----------------------+------------------------+
| Ambient Temp (C)      | 25.0                   |
| ThetaJA (C/W)         | 11.5                   |
| Airflow (LFM)         | 250                    |
| Heat Sink             | none                   |
| ThetaSA (C/W)         | 0.0                    |
| Board Selection       | medium (10"x10")       |
| # of Board Layers     | 8to11 (8 to 11 Layers) |
| Board Temperature (C) | 25.0                   |
+-----------------------+------------------------+


2.2 Clock Constraints
---------------------

+----------------+-----------------------------------------------------------------------+-----------------+
| Clock          | Domain                                                                | Constraint (ns) |
+----------------+-----------------------------------------------------------------------+-----------------+
| adc_clk        | adc_clk_p_i                                                           |             8.0 |
| clk_fb         | pll/clk_fb                                                            |             8.0 |
| clk_fpga_3     | i_ps/system_i/system_i/processing_system7/inst/FCLK_CLK_unbuffered[3] |             5.0 |
| pll_adc_clk    | pll/pll_adc_clk                                                       |             8.0 |
| pll_dac_clk_1x | pll/pll_dac_clk_1x                                                    |             8.0 |
| pll_dac_clk_2p | pll/pll_dac_clk_2p                                                    |             4.0 |
| pll_dac_clk_2x | pll/pll_dac_clk_2x                                                    |             4.0 |
| pll_pwm_clk    | pll/pll_pwm_clk                                                       |             4.0 |
| rx_clk         | daisy_p_i[1]                                                          |             4.0 |
+----------------+-----------------------------------------------------------------------+-----------------+


3. Detailed Reports
-------------------

3.1 By Hierarchy
----------------

+--------------------------------------------------+-----------+
| Name                                             | Power (W) |
+--------------------------------------------------+-----------+
| red_pitaya_top                                   |     1.936 |
|   i_ams                                          |    <0.001 |
|   i_asg                                          |     0.081 |
|     ch[0]                                        |     0.039 |
|     ch[1]                                        |     0.039 |
|   i_hk                                           |     0.002 |
|   i_iobufn[0]                                    |    <0.001 |
|   i_iobufn[1]                                    |    <0.001 |
|   i_iobufn[2]                                    |    <0.001 |
|   i_iobufn[3]                                    |    <0.001 |
|   i_iobufn[4]                                    |    <0.001 |
|   i_iobufn[5]                                    |    <0.001 |
|   i_iobufn[6]                                    |    <0.001 |
|   i_iobufn[7]                                    |    <0.001 |
|   i_iobufp[0]                                    |    <0.001 |
|   i_iobufp[1]                                    |    <0.001 |
|   i_iobufp[2]                                    |    <0.001 |
|   i_iobufp[3]                                    |    <0.001 |
|   i_iobufp[4]                                    |    <0.001 |
|   i_iobufp[5]                                    |    <0.001 |
|   i_iobufp[6]                                    |    <0.001 |
|   i_iobufp[7]                                    |    <0.001 |
|   i_pid                                          |     0.051 |
|     i_pid11                                      |     0.009 |
|     i_pid12                                      |     0.010 |
|     i_pid121                                     |     0.009 |
|     i_pid21                                      |     0.010 |
|     i_pid22                                      |     0.010 |
|   i_ps                                           |     1.325 |
|     axi_master[0]                                |     0.002 |
|       axi_awfifo_reg_0_15_0_5                    |    <0.001 |
|       axi_awfifo_reg_0_15_12_17                  |    <0.001 |
|       axi_awfifo_reg_0_15_18_23                  |    <0.001 |
|       axi_awfifo_reg_0_15_24_29                  |    <0.001 |
|       axi_awfifo_reg_0_15_30_35                  |    <0.001 |
|       axi_awfifo_reg_0_15_36_36                  |    <0.001 |
|       axi_awfifo_reg_0_15_6_11                   |    <0.001 |
|       axi_wfifo_reg_0_15_0_5                     |    <0.001 |
|       axi_wfifo_reg_0_15_12_17                   |    <0.001 |
|       axi_wfifo_reg_0_15_18_23                   |    <0.001 |
|       axi_wfifo_reg_0_15_24_29                   |    <0.001 |
|       axi_wfifo_reg_0_15_30_35                   |    <0.001 |
|       axi_wfifo_reg_0_15_36_41                   |    <0.001 |
|       axi_wfifo_reg_0_15_42_47                   |    <0.001 |
|       axi_wfifo_reg_0_15_48_53                   |    <0.001 |
|       axi_wfifo_reg_0_15_54_59                   |    <0.001 |
|       axi_wfifo_reg_0_15_60_65                   |    <0.001 |
|       axi_wfifo_reg_0_15_66_71                   |    <0.001 |
|       axi_wfifo_reg_0_15_6_11                    |    <0.001 |
|       axi_wfifo_reg_0_15_72_72                   |    <0.001 |
|     axi_master[1]                                |     0.002 |
|       axi_awfifo_reg_0_15_0_5                    |    <0.001 |
|       axi_awfifo_reg_0_15_12_17                  |    <0.001 |
|       axi_awfifo_reg_0_15_18_23                  |    <0.001 |
|       axi_awfifo_reg_0_15_24_29                  |    <0.001 |
|       axi_awfifo_reg_0_15_30_35                  |    <0.001 |
|       axi_awfifo_reg_0_15_36_36                  |    <0.001 |
|       axi_awfifo_reg_0_15_6_11                   |    <0.001 |
|       axi_wfifo_reg_0_15_0_5                     |    <0.001 |
|       axi_wfifo_reg_0_15_12_17                   |    <0.001 |
|       axi_wfifo_reg_0_15_18_23                   |    <0.001 |
|       axi_wfifo_reg_0_15_24_29                   |    <0.001 |
|       axi_wfifo_reg_0_15_30_35                   |    <0.001 |
|       axi_wfifo_reg_0_15_36_41                   |    <0.001 |
|       axi_wfifo_reg_0_15_42_47                   |    <0.001 |
|       axi_wfifo_reg_0_15_48_53                   |    <0.001 |
|       axi_wfifo_reg_0_15_54_59                   |    <0.001 |
|       axi_wfifo_reg_0_15_60_65                   |    <0.001 |
|       axi_wfifo_reg_0_15_66_71                   |    <0.001 |
|       axi_wfifo_reg_0_15_6_11                    |    <0.001 |
|       axi_wfifo_reg_0_15_72_72                   |    <0.001 |
|     axi_slave_gp0                                |     0.006 |
|     system_i                                     |     1.315 |
|       system_i                                   |     1.315 |
|         axi_protocol_converter_0                 |     0.013 |
|           inst                                   |     0.013 |
|             gen_axilite.gen_b2s_conv.axilite_b2s |     0.013 |
|               RD.ar_channel_0                    |     0.003 |
|                 ar_cmd_fsm_0                     |    <0.001 |
|                 cmd_translator_0                 |     0.002 |
|                   incr_cmd_0                     |    <0.001 |
|                   wrap_cmd_0                     |    <0.001 |
|               RD.r_channel_0                     |     0.002 |
|                 rd_data_fifo_0                   |     0.001 |
|                 transaction_fifo_0               |    <0.001 |
|               SI_REG                             |     0.004 |
|                 ar_pipe                          |     0.001 |
|                 aw_pipe                          |     0.001 |
|                 b_pipe                           |    <0.001 |
|                 r_pipe                           |     0.001 |
|               WR.aw_channel_0                    |     0.003 |
|                 aw_cmd_fsm_0                     |     0.001 |
|                 cmd_translator_0                 |     0.002 |
|                   incr_cmd_0                     |    <0.001 |
|                   wrap_cmd_0                     |     0.001 |
|               WR.b_channel_0                     |    <0.001 |
|                 bid_fifo_0                       |    <0.001 |
|                 bresp_fifo_0                     |    <0.001 |
|         proc_sys_reset                           |    <0.001 |
|           U0                                     |    <0.001 |
|             EXT_LPF                              |    <0.001 |
|               ACTIVE_LOW_EXT.ACT_LO_EXT          |    <0.001 |
|             SEQ                                  |    <0.001 |
|               SEQ_COUNTER                        |    <0.001 |
|         processing_system7                       |     1.293 |
|           inst                                   |     1.293 |
|             xlnx_axi_wrshim_unwrap_inst_gp0      |     0.000 |
|             xlnx_axi_wrshim_unwrap_inst_gp1      |     0.000 |
|         xadc                                     |     0.009 |
|           inst                                   |     0.009 |
|             AXI_LITE_IPIF_I                      |     0.002 |
|               I_SLAVE_ATTACHMENT                 |     0.002 |
|                 I_DECODER                        |     0.001 |
|             AXI_XADC_CORE_I                      |     0.005 |
|             INTR_CTRLR_GEN_I.INTERRUPT_CONTROL_I |    <0.001 |
|             SOFT_RESET_I                         |    <0.001 |
|   i_scope                                        |     0.078 |
|     i_dfilt1_cha                                 |     0.010 |
|     i_dfilt1_chb                                 |     0.010 |
|     i_wr0                                        |     0.004 |
|     i_wr1                                        |     0.004 |
|   pll                                            |     0.097 |
|   pwm[0]                                         |     0.001 |
|   pwm[1]                                         |     0.001 |
|   pwm[2]                                         |     0.001 |
|   pwm[3]                                         |     0.001 |
+--------------------------------------------------+-----------+


