
*** Running vivado
    with args -log system_xlconstant_0.vds -m64 -product Vivado -mode batch -messageDb vivado.pb -notrace -source system_xlconstant_0.tcl


****** Vivado v2017.1 (64-bit)
  **** SW Build 1846317 on Fri Apr 14 18:54:47 MDT 2017
  **** IP Build 1846188 on Fri Apr 14 20:52:08 MDT 2017
    ** Copyright 1986-2017 Xilinx, Inc. All Rights Reserved.

source system_xlconstant_0.tcl -notrace
Starting Synthesize : Time (s): cpu = 00:00:10 ; elapsed = 00:00:11 . Memory (MB): peak = 1190.441 ; gain = 68.996 ; free physical = 124 ; free virtual = 6122
INFO: [Synth 8-638] synthesizing module 'system_xlconstant_0' [/home/paul/developing/workspace/RedPitaya/Paul/labcontrol/src/fpga/redpitaya.srcs/sources_1/bd/system/ip/system_xlconstant_0/synth/system_xlconstant_0.v:57]
INFO: [Synth 8-638] synthesizing module 'xlconstant_v1_1_3_xlconstant' [/home/paul/developing/workspace/RedPitaya/Paul/labcontrol/src/fpga/redpitaya.srcs/sources_1/bd/system/ipshared/45df/hdl/xlconstant_v1_1_vl_rfs.v:23]
INFO: [Synth 8-256] done synthesizing module 'xlconstant_v1_1_3_xlconstant' (1#1) [/home/paul/developing/workspace/RedPitaya/Paul/labcontrol/src/fpga/redpitaya.srcs/sources_1/bd/system/ipshared/45df/hdl/xlconstant_v1_1_vl_rfs.v:23]
INFO: [Synth 8-256] done synthesizing module 'system_xlconstant_0' (2#1) [/home/paul/developing/workspace/RedPitaya/Paul/labcontrol/src/fpga/redpitaya.srcs/sources_1/bd/system/ip/system_xlconstant_0/synth/system_xlconstant_0.v:57]
Finished Synthesize : Time (s): cpu = 00:00:12 ; elapsed = 00:00:14 . Memory (MB): peak = 1230.941 ; gain = 109.496 ; free physical = 172 ; free virtual = 5983
Finished Constraint Validation : Time (s): cpu = 00:00:12 ; elapsed = 00:00:14 . Memory (MB): peak = 1230.941 ; gain = 109.496 ; free physical = 178 ; free virtual = 5989
Finished Loading Part and Timing Information : Time (s): cpu = 00:00:12 ; elapsed = 00:00:14 . Memory (MB): peak = 1238.945 ; gain = 117.500 ; free physical = 184 ; free virtual = 5996
Finished RTL Optimization Phase 2 : Time (s): cpu = 00:00:12 ; elapsed = 00:00:14 . Memory (MB): peak = 1238.945 ; gain = 117.500 ; free physical = 186 ; free virtual = 5998
INFO: [Device 21-403] Loading part xc7z010clg400-1
Finished Cross Boundary and Area Optimization : Time (s): cpu = 00:00:19 ; elapsed = 00:00:24 . Memory (MB): peak = 1325.266 ; gain = 203.820 ; free physical = 133 ; free virtual = 5637
Finished Timing Optimization : Time (s): cpu = 00:00:19 ; elapsed = 00:00:24 . Memory (MB): peak = 1325.266 ; gain = 203.820 ; free physical = 130 ; free virtual = 5634
Finished Technology Mapping : Time (s): cpu = 00:00:19 ; elapsed = 00:00:24 . Memory (MB): peak = 1333.273 ; gain = 211.828 ; free physical = 129 ; free virtual = 5634
Finished IO Insertion : Time (s): cpu = 00:00:20 ; elapsed = 00:00:25 . Memory (MB): peak = 1333.273 ; gain = 211.828 ; free physical = 116 ; free virtual = 5608
Finished Renaming Generated Instances : Time (s): cpu = 00:00:20 ; elapsed = 00:00:25 . Memory (MB): peak = 1333.273 ; gain = 211.828 ; free physical = 117 ; free virtual = 5608
Finished Rebuilding User Hierarchy : Time (s): cpu = 00:00:20 ; elapsed = 00:00:25 . Memory (MB): peak = 1333.273 ; gain = 211.828 ; free physical = 122 ; free virtual = 5607
Finished Renaming Generated Ports : Time (s): cpu = 00:00:20 ; elapsed = 00:00:25 . Memory (MB): peak = 1333.273 ; gain = 211.828 ; free physical = 128 ; free virtual = 5607
Finished Handling Custom Attributes : Time (s): cpu = 00:00:20 ; elapsed = 00:00:25 . Memory (MB): peak = 1333.273 ; gain = 211.828 ; free physical = 128 ; free virtual = 5607
Finished Renaming Generated Nets : Time (s): cpu = 00:00:20 ; elapsed = 00:00:25 . Memory (MB): peak = 1333.273 ; gain = 211.828 ; free physical = 129 ; free virtual = 5606

Report Cell Usage: 
+-+-----+------+
| |Cell |Count |
+-+-----+------+
+-+-----+------+
Finished Writing Synthesis Report : Time (s): cpu = 00:00:20 ; elapsed = 00:00:25 . Memory (MB): peak = 1333.273 ; gain = 211.828 ; free physical = 131 ; free virtual = 5606
synth_design: Time (s): cpu = 00:00:24 ; elapsed = 00:00:30 . Memory (MB): peak = 1460.086 ; gain = 351.227 ; free physical = 129 ; free virtual = 5384
write_checkpoint: Time (s): cpu = 00:00:17 ; elapsed = 00:00:34 . Memory (MB): peak = 1865.605 ; gain = 405.520 ; free physical = 123 ; free virtual = 4652
write_verilog: Time (s): cpu = 00:00:00.15 ; elapsed = 00:00:14 . Memory (MB): peak = 1865.605 ; gain = 0.000 ; free physical = 193 ; free virtual = 4540
report_utilization: Time (s): cpu = 00:00:00.15 ; elapsed = 00:00:05 . Memory (MB): peak = 1865.605 ; gain = 0.000 ; free physical = 176 ; free virtual = 4375
